Wed 21 Dec 22:45:27|listen *:58031[tcp4] for http success
Wed 21 Dec 22:45:27|Cann't listen *:58031[tcp4] for http ,errno=22
Wed 21 Dec 22:45:27|listen *:3311[tcp4] for manage success
Wed 21 Dec 22:45:27|Cann't listen *:3311[tcp4] for manage ,errno=22
Wed 21 Dec 22:45:27|Start success [pid=5452].
Wed 21 Dec 22:47:43|Cann't listen *:58031[tcp4] for http ,errno=22
Wed 21 Dec 22:47:43|Cann't listen *:58031[tcp4] for http ,errno=22
Wed 21 Dec 22:47:43|Cann't listen *:3311[tcp4] for manage ,errno=22
Wed 21 Dec 22:47:43|Cann't listen *:3311[tcp4] for manage ,errno=22
Wed 21 Dec 22:47:43|No any listen , program start failed
Wed 21 Dec 22:56:04|listen *:58031[tcp4] for http success
Wed 21 Dec 22:56:04|Cann't listen *:58031[tcp4] for http ,errno=22
Wed 21 Dec 22:56:04|listen *:3311[tcp4] for manage success
Wed 21 Dec 22:56:04|Cann't listen *:3311[tcp4] for manage ,errno=22
Wed 21 Dec 22:56:04|Start success [pid=4264].
Wed 21 Dec 23:02:48|listen *:58031[tcp4] for http success
Wed 21 Dec 23:02:48|Cann't listen *:58031[tcp4] for http ,errno=22
Wed 21 Dec 23:02:49|listen *:3311[tcp4] for manage success
Wed 21 Dec 23:02:49|Cann't listen *:3311[tcp4] for manage ,errno=22
Wed 21 Dec 23:02:49|Start success [pid=5488].
Wed 21 Dec 23:03:14|listen *:58031[tcp4] for http success
Wed 21 Dec 23:03:14|Cann't listen *:58031[tcp4] for http ,errno=22
Wed 21 Dec 23:03:14|listen *:3311[tcp4] for manage success
Wed 21 Dec 23:03:14|Cann't listen *:3311[tcp4] for manage ,errno=22
Wed 21 Dec 23:03:14|Start success [pid=3660].
Wed 21 Dec 23:08:52|listen *:58031[tcp4] for http success
Wed 21 Dec 23:08:52|Cann't listen *:58031[tcp4] for http ,errno=22
Wed 21 Dec 23:08:52|listen *:3311[tcp4] for manage success
Wed 21 Dec 23:08:52|Cann't listen *:3311[tcp4] for manage ,errno=22
Wed 21 Dec 23:08:52|Start success [pid=5068].
Wed 21 Dec 23:08:52|now create process ["C:\Documents and Settings\Administrator\桌面\Kangle3\bin\extworker.exe"]
Thu 22 Dec 10:16:55|listen *:58031[tcp4] for http success
Thu 22 Dec 10:16:55|Cann't listen *:58031[tcp4] for http ,errno=22
Thu 22 Dec 10:16:55|listen *:3311[tcp4] for manage success
Thu 22 Dec 10:16:55|Cann't listen *:3311[tcp4] for manage ,errno=22
Thu 22 Dec 10:16:55|Start success [pid=6004].
Thu 22 Dec 10:17:05|listen *:58031[tcp4] for http success
Thu 22 Dec 10:17:05|Cann't listen *:58031[tcp4] for http ,errno=22
Thu 22 Dec 10:17:05|listen *:3311[tcp4] for manage success
Thu 22 Dec 10:17:05|Cann't listen *:3311[tcp4] for manage ,errno=22
Thu 22 Dec 10:17:05|Start success [pid=3756].
Thu 22 Dec 10:17:05|now create process ["C:\Documents and Settings\Administrator\桌面\Kangle3\bin\extworker.exe"]
Thu 22 Dec 10:20:51|listen *:58031[tcp4] for http success
Thu 22 Dec 10:20:51|Cann't listen *:58031[tcp4] for http ,errno=22
Thu 22 Dec 10:20:51|listen *:3311[tcp4] for manage success
Thu 22 Dec 10:20:51|Cann't listen *:3311[tcp4] for manage ,errno=22
Thu 22 Dec 10:20:51|Start success [pid=1640].
Thu 22 Dec 10:20:51|now create process ["C:\Documents and Settings\Administrator\桌面\Kangle3\bin\extworker.exe"]
Thu 22 Dec 12:16:27|listen *:58031[tcp6] for http success
Thu 22 Dec 12:16:27|listen *:58031[tcp4] for http success
Thu 22 Dec 12:16:27|listen *:3311[tcp6] for manage success
Thu 22 Dec 12:16:27|listen *:3311[tcp4] for manage success
Thu 22 Dec 12:16:27|Start success [pid=2460].
Thu 22 Dec 12:16:27|now create process ["D:\更新\aspWebServer\bin\extworker.exe"]
Tue 20 Nov 10:46:09|listen *:58031[tcp4] for http success
Tue 20 Nov 10:46:09|Cann't listen *:58031[tcp4] for http ,errno=22
Tue 20 Nov 10:46:09|listen *:3311[tcp4] for manage success
Tue 20 Nov 10:46:09|Cann't listen *:3311[tcp4] for manage ,errno=22
Tue 20 Nov 10:46:09|Start success [pid=4980].
Tue 25 Mar 14:35:55|listen *:58031[tcp6] for http success
Tue 25 Mar 14:35:55|listen *:58031[tcp4] for http success
Tue 25 Mar 14:35:55|listen *:3311[tcp6] for manage success
Tue 25 Mar 14:35:55|listen *:3311[tcp4] for manage success
Tue 25 Mar 14:35:55|Start success [pid=5220].
Tue 25 Mar 14:35:57|now create process ["D:\aspWebServer\bin\extworker.exe"]
Tue 25 Mar 14:37:28|listen *:58031[tcp6] for http success
Tue 25 Mar 14:37:29|listen *:58031[tcp4] for http success
Tue 25 Mar 14:37:29|listen *:3311[tcp6] for manage success
Tue 25 Mar 14:37:29|listen *:3311[tcp4] for manage success
Tue 25 Mar 14:37:29|Start success [pid=7596].
Tue 25 Mar 14:37:29|now create process ["D:\aspWebServer\bin\extworker.exe"]
Tue 25 Mar 14:37:55|listen *:58031[tcp6] for http success
Tue 25 Mar 14:37:55|listen *:58031[tcp4] for http success
Tue 25 Mar 14:37:55|listen *:3311[tcp6] for manage success
Tue 25 Mar 14:37:55|listen *:3311[tcp4] for manage success
Tue 25 Mar 14:37:55|Start success [pid=2748].
Tue 25 Mar 14:38:00|now create process ["D:\aspWebServer\bin\extworker.exe"]
Tue 25 Mar 14:41:43|listen *:58031[tcp6] for http success
Tue 25 Mar 14:41:43|listen *:58031[tcp4] for http success
Tue 25 Mar 14:41:43|listen *:3311[tcp6] for manage success
Tue 25 Mar 14:41:43|listen *:3311[tcp4] for manage success
Tue 25 Mar 14:41:43|Start success [pid=8036].
Tue 25 Mar 14:41:46|now create process ["D:\aspWebServer\bin\extworker.exe"]
Tue 25 Mar 14:45:06|listen *:58031[tcp6] for http success
Tue 25 Mar 14:45:06|listen *:58031[tcp4] for http success
Tue 25 Mar 14:45:06|listen *:3311[tcp6] for manage success
Tue 25 Mar 14:45:06|listen *:3311[tcp4] for manage success
Tue 25 Mar 14:45:06|Start success [pid=7464].
Tue 25 Mar 14:45:06|now create process ["D:\aspWebServer\bin\extworker.exe"]
Tue 25 Mar 14:54:36|listen *:58031[tcp6] for http success
Tue 25 Mar 14:54:36|listen *:58031[tcp4] for http success
Tue 25 Mar 14:54:36|listen *:3311[tcp6] for manage success
Tue 25 Mar 14:54:36|listen *:3311[tcp4] for manage success
Tue 25 Mar 14:54:36|Start success [pid=1300].
Tue 25 Mar 14:54:36|now create process ["D:\aspWebServer\bin\extworker.exe"]
Tue 25 Mar 15:11:28|listen *:58031[tcp6] for http success
Tue 25 Mar 15:11:28|listen *:58031[tcp4] for http success
Tue 25 Mar 15:11:28|listen *:3311[tcp6] for manage success
Tue 25 Mar 15:11:28|listen *:3311[tcp4] for manage success
Tue 25 Mar 15:11:28|Start success [pid=4608].
Tue 25 Mar 15:11:28|now create process ["D:\aspWebServer\bin\extworker.exe"]
Tue 25 Mar 16:47:29|listen *:58031[tcp6] for http success
Tue 25 Mar 16:47:29|listen *:58031[tcp4] for http success
Tue 25 Mar 16:47:29|listen *:3311[tcp6] for manage success
Tue 25 Mar 16:47:29|listen *:3311[tcp4] for manage success
Tue 25 Mar 16:47:29|Start success [pid=2416].
Tue 25 Mar 16:47:30|now create process ["D:\aspWebServer\bin\extworker.exe"]
Tue 25 Mar 16:59:26|now create process ["D:\aspWebServer\bin\extworker.exe"]
Wed 26 Mar 09:13:54|listen *:58031[tcp6] for http success
Wed 26 Mar 09:13:54|listen *:58031[tcp4] for http success
Wed 26 Mar 09:13:54|listen *:3311[tcp6] for manage success
Wed 26 Mar 09:13:54|listen *:3311[tcp4] for manage success
Wed 26 Mar 09:13:54|Start success [pid=1924].
Wed 26 Mar 09:14:00|now create process ["D:\aspWebServer\bin\extworker.exe"]
Wed 26 Mar 09:34:39|listen *:58031[tcp6] for http success
Wed 26 Mar 09:34:39|listen *:58031[tcp4] for http success
Wed 26 Mar 09:34:39|listen *:3311[tcp6] for manage success
Wed 26 Mar 09:34:39|listen *:3311[tcp4] for manage success
Wed 26 Mar 09:34:39|Start success [pid=5304].
Wed 26 Mar 09:34:39|now create process ["D:\aspWebServer-溢洋光电\bin\extworker.exe"]
Wed 26 Mar 10:12:45|listen *:58031[tcp6] for http success
Wed 26 Mar 10:12:45|listen *:58031[tcp4] for http success
Wed 26 Mar 10:12:45|listen *:3311[tcp6] for manage success
Wed 26 Mar 10:12:45|listen *:3311[tcp4] for manage success
Wed 26 Mar 10:12:45|Start success [pid=3576].
Wed 26 Mar 10:12:46|now create process ["D:\aspWebServer-溢洋光电\bin\extworker.exe"]
Wed 26 Mar 11:36:36|listen *:58031[tcp6] for http success
Wed 26 Mar 11:36:36|listen *:58031[tcp4] for http success
Wed 26 Mar 11:36:36|listen *:3311[tcp6] for manage success
Wed 26 Mar 11:36:36|listen *:3311[tcp4] for manage success
Wed 26 Mar 11:36:36|Start success [pid=4164].
Wed 26 Mar 11:36:36|now create process ["D:\aspWebServer-溢洋光电\bin\extworker.exe"]
Wed 26 Mar 12:34:43|now create process ["D:\aspWebServer-溢洋光电\bin\extworker.exe"]
Wed 26 Mar 13:04:06|now create process ["D:\aspWebServer-溢洋光电\bin\extworker.exe"]
Wed 26 Mar 13:24:49|now create process ["D:\aspWebServer-溢洋光电\bin\extworker.exe"]
Wed 26 Mar 16:51:37|now create process ["D:\aspWebServer-溢洋光电\bin\extworker.exe"]
Thu 27 Mar 08:36:45|listen *:58031[tcp6] for http success
Thu 27 Mar 08:36:45|listen *:58031[tcp4] for http success
Thu 27 Mar 08:36:45|listen *:3311[tcp6] for manage success
Thu 27 Mar 08:36:45|listen *:3311[tcp4] for manage success
Thu 27 Mar 08:36:45|Start success [pid=2152].
Thu 27 Mar 08:36:48|now create process ["D:\aspWebServer-溢洋光电\bin\extworker.exe"]
Thu 27 Mar 08:44:28|listen *:58031[tcp6] for http success
Thu 27 Mar 08:44:28|listen *:58031[tcp4] for http success
Thu 27 Mar 08:44:28|listen *:3311[tcp6] for manage success
Thu 27 Mar 08:44:28|listen *:3311[tcp4] for manage success
Thu 27 Mar 08:44:28|Start success [pid=5896].
Thu 27 Mar 08:44:28|now create process ["D:\aspWebServer-溢洋光电\bin\extworker.exe"]
Thu 27 Mar 08:52:48|listen *:58031[tcp6] for http success
Thu 27 Mar 08:52:48|listen *:58031[tcp4] for http success
Thu 27 Mar 08:52:48|listen *:3311[tcp6] for manage success
Thu 27 Mar 08:52:48|listen *:3311[tcp4] for manage success
Thu 27 Mar 08:52:48|Start success [pid=5112].
Thu 27 Mar 08:52:48|now create process ["D:\aspWebServer-溢洋光电\bin\extworker.exe"]
Thu 27 Mar 08:54:27|listen *:58031[tcp6] for http success
Thu 27 Mar 08:54:27|listen *:58031[tcp4] for http success
Thu 27 Mar 08:54:27|listen *:3311[tcp6] for manage success
Thu 27 Mar 08:54:27|listen *:3311[tcp4] for manage success
Thu 27 Mar 08:54:27|Start success [pid=4620].
Thu 27 Mar 08:54:27|now create process ["D:\aspWebServer-溢洋光电\bin\extworker.exe"]
Thu 27 Mar 09:29:18|now create process ["D:\aspWebServer-溢洋光电\bin\extworker.exe"]
Thu 27 Mar 10:33:03|now create process ["D:\aspWebServer-溢洋光电\bin\extworker.exe"]
Thu 27 Mar 12:29:15|now create process ["D:\aspWebServer-溢洋光电\bin\extworker.exe"]
Thu 27 Mar 13:03:09|now create process ["D:\aspWebServer-溢洋光电\bin\extworker.exe"]
Thu 27 Mar 14:45:51|now create process ["D:\aspWebServer-溢洋光电\bin\extworker.exe"]
Thu 27 Mar 16:03:47|listen *:58031[tcp6] for http success
Thu 27 Mar 16:03:47|listen *:58031[tcp4] for http success
Thu 27 Mar 16:03:47|listen *:3311[tcp6] for manage success
Thu 27 Mar 16:03:47|listen *:3311[tcp4] for manage success
Thu 27 Mar 16:03:47|Start success [pid=6260].
Thu 27 Mar 16:03:48|now create process ["D:\aspWebServer-溢洋光电\bin\extworker.exe"]
Fri 28 Mar 08:29:00|listen *:58031[tcp6] for http success
Fri 28 Mar 08:29:00|listen *:58031[tcp4] for http success
Fri 28 Mar 08:29:00|listen *:3311[tcp6] for manage success
Fri 28 Mar 08:29:00|listen *:3311[tcp4] for manage success
Fri 28 Mar 08:29:00|Start success [pid=1360].
Fri 28 Mar 08:29:00|now create process ["D:\aspWebServer-溢洋光电\bin\extworker.exe"]
Fri 28 Mar 10:55:45|now create process ["D:\aspWebServer-溢洋光电\bin\extworker.exe"]
Fri 28 Mar 12:18:44|now create process ["D:\aspWebServer-溢洋光电\bin\extworker.exe"]
Fri 28 Mar 13:01:14|now create process ["D:\aspWebServer-溢洋光电\bin\extworker.exe"]
Fri 28 Mar 15:36:01|now create process ["D:\aspWebServer-溢洋光电\bin\extworker.exe"]
Fri 28 Mar 16:19:34|listen *:58031[tcp6] for http success
Fri 28 Mar 16:19:34|listen *:58031[tcp4] for http success
Fri 28 Mar 16:19:34|listen *:3311[tcp6] for manage success
Fri 28 Mar 16:19:34|listen *:3311[tcp4] for manage success
Fri 28 Mar 16:19:34|Start success [pid=5296].
Fri 28 Mar 16:19:35|now create process ["D:\aspWebServer-溢洋光电\bin\extworker.exe"]
Fri 28 Mar 17:57:45|now create process ["D:\aspWebServer-溢洋光电\bin\extworker.exe"]
Sat 29 Mar 08:21:52|listen *:58031[tcp6] for http success
Sat 29 Mar 08:21:52|listen *:58031[tcp4] for http success
Sat 29 Mar 08:21:52|listen *:3311[tcp6] for manage success
Sat 29 Mar 08:21:52|listen *:3311[tcp4] for manage success
Sat 29 Mar 08:21:52|Start success [pid=3276].
Sat 29 Mar 08:21:57|now create process ["D:\aspWebServer-溢洋光电\bin\extworker.exe"]
Sat 29 Mar 08:52:05|now create process ["D:\aspWebServer-溢洋光电\bin\extworker.exe"]
Sat 29 Mar 09:09:43|now create process ["D:\aspWebServer-溢洋光电\bin\extworker.exe"]
Sat 29 Mar 09:25:02|now create process ["D:\aspWebServer-溢洋光电\bin\extworker.exe"]
Sat 29 Mar 13:01:38|now create process ["D:\aspWebServer-溢洋光电\bin\extworker.exe"]
Mon 31 Mar 08:39:21|listen *:58031[tcp6] for http success
Mon 31 Mar 08:39:21|listen *:58031[tcp4] for http success
Mon 31 Mar 08:39:21|listen *:3311[tcp6] for manage success
Mon 31 Mar 08:39:21|listen *:3311[tcp4] for manage success
Mon 31 Mar 08:39:21|Start success [pid=3120].
Mon 31 Mar 08:39:21|now create process ["D:\aspWebServer-溢洋光电\bin\extworker.exe"]
Mon 31 Mar 08:45:46|now create process ["D:\aspWebServer-溢洋光电\bin/autoupdate.exe" "D:\aspWebServer-溢洋光电\\" "http://autoupdate.kanglesoft.com/config.php?version=2.7.2&type=free&f=win_x86" "down"]
Mon 31 Mar 10:03:04|listen *:58031[tcp6] for http success
Mon 31 Mar 10:03:04|listen *:58031[tcp4] for http success
Mon 31 Mar 10:03:04|listen *:3311[tcp6] for manage success
Mon 31 Mar 10:03:04|listen *:3311[tcp4] for manage success
Mon 31 Mar 10:03:04|Start success [pid=4760].
Mon 31 Mar 10:03:05|now create process ["D:\aspWebServer-溢洋光电\bin\extworker.exe"]
Mon 31 Mar 10:26:36|now create process ["D:\aspWebServer-溢洋光电\bin\extworker.exe"]
Mon 31 Mar 11:15:37|now create process ["D:\aspWebServer-溢洋光电\bin\extworker.exe"]
Mon 31 Mar 11:26:53|now create process ["D:\aspWebServer-溢洋光电\bin\extworker.exe"]
Mon 31 Mar 12:27:24|now create process ["D:\aspWebServer-溢洋光电\bin\extworker.exe"]
Mon 31 Mar 13:00:07|now create process ["D:\aspWebServer-溢洋光电\bin\extworker.exe"]
Mon 31 Mar 13:40:49|listen *:58031[tcp6] for http success
Mon 31 Mar 13:40:49|listen *:58031[tcp4] for http success
Mon 31 Mar 13:40:49|listen *:3311[tcp6] for manage success
Mon 31 Mar 13:40:49|listen *:3311[tcp4] for manage success
Mon 31 Mar 13:40:49|Start success [pid=6912].
Mon 31 Mar 13:40:49|now create process ["D:\aspWebServer-溢洋光电\bin\extworker.exe"]
Tue 01 Apr 08:34:18|listen *:58031[tcp6] for http success
Tue 01 Apr 08:34:18|listen *:58031[tcp4] for http success
Tue 01 Apr 08:34:18|listen *:3311[tcp6] for manage success
Tue 01 Apr 08:34:18|listen *:3311[tcp4] for manage success
Tue 01 Apr 08:34:19|Start success [pid=4100].
Tue 01 Apr 08:34:20|now create process ["D:\aspWebServer-溢洋光电\bin\extworker.exe"]
Tue 01 Apr 09:29:25|listen *:58031[tcp6] for http success
Tue 01 Apr 09:29:25|listen *:58031[tcp4] for http success
Tue 01 Apr 09:29:25|listen *:3311[tcp6] for manage success
Tue 01 Apr 09:29:25|listen *:3311[tcp4] for manage success
Tue 01 Apr 09:29:25|Start success [pid=4880].
Tue 01 Apr 09:29:26|now create process ["D:\aspWebServer-溢洋光电\bin\extworker.exe"]
Tue 01 Apr 12:18:19|now create process ["D:\aspWebServer-溢洋光电\bin\extworker.exe"]
Tue 01 Apr 13:21:03|now create process ["D:\aspWebServer-溢洋光电\bin\extworker.exe"]
Tue 01 Apr 15:59:32|now create process ["D:\aspWebServer-溢洋光电\bin\extworker.exe"]
Tue 01 Apr 17:48:35|now create process ["D:\aspWebServer-溢洋光电\bin/autoupdate.exe" "D:\aspWebServer-溢洋光电\\" "http://autoupdate.kanglesoft.com/config.php?version=2.7.2&type=free&f=win_x86" "down"]
Wed 02 Apr 08:27:31|listen *:58031[tcp6] for http success
Wed 02 Apr 08:27:31|listen *:58031[tcp4] for http success
Wed 02 Apr 08:27:31|listen *:3311[tcp6] for manage success
Wed 02 Apr 08:27:31|listen *:3311[tcp4] for manage success
Wed 02 Apr 08:27:31|Start success [pid=4064].
Wed 02 Apr 08:27:34|now create process ["D:\aspWebServer-溢洋光电\bin\extworker.exe"]
Wed 02 Apr 08:37:22|listen *:58031[tcp6] for http success
Wed 02 Apr 08:37:22|listen *:58031[tcp4] for http success
Wed 02 Apr 08:37:22|listen *:3311[tcp6] for manage success
Wed 02 Apr 08:37:22|listen *:3311[tcp4] for manage success
Wed 02 Apr 08:37:22|Start success [pid=5836].
Wed 02 Apr 08:37:22|now create process ["D:\aspWebServer-溢洋光电\bin\extworker.exe"]
Wed 02 Apr 08:56:28|listen *:58031[tcp6] for http success
Wed 02 Apr 08:56:28|listen *:58031[tcp4] for http success
Wed 02 Apr 08:56:28|listen *:3311[tcp6] for manage success
Wed 02 Apr 08:56:28|listen *:3311[tcp4] for manage success
Wed 02 Apr 08:56:28|Start success [pid=3148].
Wed 02 Apr 08:56:28|now create process ["D:\aspWebServer-溢洋光电\bin\extworker.exe"]
Wed 02 Apr 09:29:43|now create process ["D:\aspWebServer-溢洋光电\bin\extworker.exe"]
Wed 02 Apr 09:45:57|now create process ["D:\aspWebServer-溢洋光电\bin\extworker.exe"]
Wed 02 Apr 10:01:52|now create process ["D:\aspWebServer-溢洋光电\bin\extworker.exe"]
Wed 02 Apr 10:39:00|now create process ["D:\aspWebServer-溢洋光电\bin\extworker.exe"]
Wed 02 Apr 11:08:32|now create process ["D:\aspWebServer-溢洋光电\bin\extworker.exe"]
Wed 02 Apr 12:29:13|now create process ["D:\aspWebServer-溢洋光电\bin\extworker.exe"]
Wed 02 Apr 13:19:19|now create process ["D:\aspWebServer-溢洋光电\bin\extworker.exe"]
Wed 02 Apr 13:51:12|now create process ["D:\aspWebServer-溢洋光电\bin\extworker.exe"]
Thu 03 Apr 08:36:27|listen *:58031[tcp6] for http success
Thu 03 Apr 08:36:27|listen *:58031[tcp4] for http success
Thu 03 Apr 08:36:27|listen *:3311[tcp6] for manage success
Thu 03 Apr 08:36:27|listen *:3311[tcp4] for manage success
Thu 03 Apr 08:36:27|Start success [pid=4268].
Thu 03 Apr 08:36:27|now create process ["D:\aspWebServer-溢洋光电\bin\extworker.exe"]
Thu 03 Apr 09:31:48|now create process ["D:\aspWebServer-溢洋光电\bin\extworker.exe"]
Thu 03 Apr 10:11:36|now create process ["D:\aspWebServer-溢洋光电\bin\extworker.exe"]
Thu 03 Apr 10:36:32|now create process ["D:\aspWebServer-溢洋光电\bin\extworker.exe"]
Thu 03 Apr 12:31:31|now create process ["D:\aspWebServer-溢洋光电\bin\extworker.exe"]
Thu 03 Apr 13:00:47|now create process ["D:\aspWebServer-溢洋光电\bin\extworker.exe"]
Thu 03 Apr 13:10:03|listen *:58031[tcp6] for http success
Thu 03 Apr 13:10:03|listen *:58031[tcp4] for http success
Thu 03 Apr 13:10:03|listen *:3311[tcp6] for manage success
Thu 03 Apr 13:10:03|listen *:3311[tcp4] for manage success
Thu 03 Apr 13:10:03|Start success [pid=4120].
Thu 03 Apr 13:10:03|now create process ["D:\aspWebServer-溢洋光电\bin\extworker.exe"]
Thu 03 Apr 13:10:26|listen *:58031[tcp6] for http success
Thu 03 Apr 13:10:26|listen *:58031[tcp4] for http success
Thu 03 Apr 13:10:26|listen *:3311[tcp6] for manage success
Thu 03 Apr 13:10:26|listen *:3311[tcp4] for manage success
Thu 03 Apr 13:10:26|Start success [pid=3200].
Thu 03 Apr 13:10:27|now create process ["D:\aspWebServer-溢洋光电\bin\extworker.exe"]
Thu 03 Apr 15:48:03|now create process ["D:\aspWebServer-溢洋光电\bin\extworker.exe"]
Thu 03 Apr 16:15:03|listen *:58031[tcp6] for http success
Thu 03 Apr 16:15:03|listen *:58031[tcp4] for http success
Thu 03 Apr 16:15:03|listen *:3311[tcp6] for manage success
Thu 03 Apr 16:15:03|listen *:3311[tcp4] for manage success
Thu 03 Apr 16:15:03|Start success [pid=5336].
Thu 03 Apr 16:15:03|now create process ["D:\aspWebServer-溢洋光电\bin\extworker.exe"]
Thu 03 Apr 16:29:42|listen *:58031[tcp6] for http success
Thu 03 Apr 16:29:42|listen *:58031[tcp4] for http success
Thu 03 Apr 16:29:42|listen *:3311[tcp6] for manage success
Thu 03 Apr 16:29:42|listen *:3311[tcp4] for manage success
Thu 03 Apr 16:29:42|Start success [pid=4452].
Thu 03 Apr 16:29:42|now create process ["D:\aspWebServer-溢洋光电\bin\extworker.exe"]
Thu 03 Apr 16:31:07|listen *:58031[tcp6] for http success
Thu 03 Apr 16:31:07|listen *:58031[tcp4] for http success
Thu 03 Apr 16:31:07|listen *:3311[tcp6] for manage success
Thu 03 Apr 16:31:07|listen *:3311[tcp4] for manage success
Thu 03 Apr 16:31:07|Start success [pid=2172].
Thu 03 Apr 16:31:10|now create process ["D:\aspWebServer-溢洋光电\bin\extworker.exe"]
Thu 03 Apr 17:11:16|listen *:58031[tcp6] for http success
Thu 03 Apr 17:11:16|listen *:58031[tcp4] for http success
Thu 03 Apr 17:11:16|listen *:3311[tcp6] for manage success
Thu 03 Apr 17:11:16|listen *:3311[tcp4] for manage success
Thu 03 Apr 17:11:16|Start success [pid=5284].
Thu 03 Apr 17:11:16|now create process ["D:\aspWebServer-溢洋光电\bin\extworker.exe"]
Thu 03 Apr 17:26:13|listen *:58031[tcp6] for http success
Thu 03 Apr 17:26:13|listen *:58031[tcp4] for http success
Thu 03 Apr 17:26:13|listen *:3311[tcp6] for manage success
Thu 03 Apr 17:26:13|listen *:3311[tcp4] for manage success
Thu 03 Apr 17:26:13|Start success [pid=4608].
Thu 03 Apr 17:26:13|now create process ["D:\aspWebServer-溢洋光电\bin\extworker.exe"]
Fri 04 Apr 08:34:42|listen *:58031[tcp6] for http success
Fri 04 Apr 08:34:42|listen *:58031[tcp4] for http success
Fri 04 Apr 08:34:42|listen *:3311[tcp6] for manage success
Fri 04 Apr 08:34:42|listen *:3311[tcp4] for manage success
Fri 04 Apr 08:34:42|Start success [pid=2136].
Fri 04 Apr 08:34:48|now create process ["D:\aspWebServer-溢洋光电\bin\extworker.exe"]
Fri 04 Apr 09:11:20|listen *:58031[tcp6] for http success
Fri 04 Apr 09:11:20|listen *:58031[tcp4] for http success
Fri 04 Apr 09:11:20|listen *:3311[tcp6] for manage success
Fri 04 Apr 09:11:20|listen *:3311[tcp4] for manage success
Fri 04 Apr 09:11:20|Start success [pid=5088].
Fri 04 Apr 09:11:21|now create process ["D:\aspWebServer-溢洋光电\bin\extworker.exe"]
Fri 04 Apr 09:28:36|listen *:58031[tcp6] for http success
Fri 04 Apr 09:28:36|listen *:58031[tcp4] for http success
Fri 04 Apr 09:28:36|listen *:3311[tcp6] for manage success
Fri 04 Apr 09:28:36|listen *:3311[tcp4] for manage success
Fri 04 Apr 09:28:36|Start success [pid=4912].
Fri 04 Apr 09:28:36|now create process ["D:\aspWebServer-溢洋光电\bin\extworker.exe"]
Fri 04 Apr 09:44:29|listen *:58031[tcp6] for http success
Fri 04 Apr 09:44:29|listen *:58031[tcp4] for http success
Fri 04 Apr 09:44:29|listen *:3311[tcp6] for manage success
Fri 04 Apr 09:44:29|listen *:3311[tcp4] for manage success
Fri 04 Apr 09:44:29|Start success [pid=5312].
Fri 04 Apr 09:44:30|now create process ["D:\aspWebServer-溢洋光电\bin\extworker.exe"]
Fri 04 Apr 11:28:55|listen *:58031[tcp6] for http success
Fri 04 Apr 11:28:55|listen *:58031[tcp4] for http success
Fri 04 Apr 11:28:55|listen *:3311[tcp6] for manage success
Fri 04 Apr 11:28:55|listen *:3311[tcp4] for manage success
Fri 04 Apr 11:28:55|Start success [pid=2616].
Fri 04 Apr 11:28:56|now create process ["D:\aspWebServer-溢洋光电\bin\extworker.exe"]
Fri 04 Apr 11:36:49|listen *:58031[tcp6] for http success
Fri 04 Apr 11:36:49|listen *:58031[tcp4] for http success
Fri 04 Apr 11:36:49|listen *:3311[tcp6] for manage success
Fri 04 Apr 11:36:49|listen *:3311[tcp4] for manage success
Fri 04 Apr 11:36:49|Start success [pid=1180].
Fri 04 Apr 11:36:51|now create process ["D:\aspWebServer-溢洋光电\bin\extworker.exe"]
Fri 04 Apr 13:38:32|listen *:58031[tcp6] for http success
Fri 04 Apr 13:38:32|listen *:58031[tcp4] for http success
Fri 04 Apr 13:38:32|listen *:3311[tcp6] for manage success
Fri 04 Apr 13:38:32|listen *:3311[tcp4] for manage success
Fri 04 Apr 13:38:32|Start success [pid=1124].
Fri 04 Apr 13:38:32|now create process ["D:\aspWebServer-溢洋光电\bin\extworker.exe"]
Fri 04 Apr 14:26:44|now create process ["D:\aspWebServer-溢洋光电\bin\extworker.exe"]
Fri 04 Apr 14:32:27|listen *:58031[tcp6] for http success
Fri 04 Apr 14:32:27|listen *:58031[tcp4] for http success
Fri 04 Apr 14:32:27|listen *:3311[tcp6] for manage success
Fri 04 Apr 14:32:27|listen *:3311[tcp4] for manage success
Fri 04 Apr 14:32:27|Start success [pid=5616].
Fri 04 Apr 14:32:28|now create process ["D:\aspWebServer-溢洋光电\bin\extworker.exe"]
Fri 04 Apr 14:56:20|listen *:58031[tcp6] for http success
Fri 04 Apr 14:56:20|listen *:58031[tcp4] for http success
Fri 04 Apr 14:56:20|listen *:3311[tcp6] for manage success
Fri 04 Apr 14:56:20|listen *:3311[tcp4] for manage success
Fri 04 Apr 14:56:20|Start success [pid=4468].
Fri 04 Apr 14:56:21|now create process ["D:\aspWebServer-溢洋光电\bin\extworker.exe"]
Fri 04 Apr 15:01:22|listen *:58031[tcp6] for http success
Fri 04 Apr 15:01:22|listen *:58031[tcp4] for http success
Fri 04 Apr 15:01:22|listen *:3311[tcp6] for manage success
Fri 04 Apr 15:01:22|listen *:3311[tcp4] for manage success
Fri 04 Apr 15:01:22|Start success [pid=3492].
Fri 04 Apr 15:01:27|now create process ["D:\aspWebServer-溢洋光电\bin\extworker.exe"]
Fri 04 Apr 15:21:56|listen *:58031[tcp6] for http success
Fri 04 Apr 15:21:56|listen *:58031[tcp4] for http success
Fri 04 Apr 15:21:56|listen *:3311[tcp6] for manage success
Fri 04 Apr 15:21:56|listen *:3311[tcp4] for manage success
Fri 04 Apr 15:21:56|Start success [pid=5044].
Fri 04 Apr 15:21:57|now create process ["D:\aspWebServer-溢洋光电\bin\extworker.exe"]
Fri 04 Apr 16:28:19|now create process ["D:\aspWebServer-溢洋光电\bin\extworker.exe"]
Fri 04 Apr 16:49:56|now create process ["D:\aspWebServer-溢洋光电\bin\extworker.exe"]
Fri 04 Apr 17:08:37|now create process ["D:\aspWebServer-溢洋光电\bin\extworker.exe"]
Fri 04 Apr 17:16:17|listen *:58031[tcp6] for http success
Fri 04 Apr 17:16:17|listen *:58031[tcp4] for http success
Fri 04 Apr 17:16:17|listen *:3311[tcp6] for manage success
Fri 04 Apr 17:16:17|listen *:3311[tcp4] for manage success
Fri 04 Apr 17:16:17|Start success [pid=4744].
Fri 04 Apr 17:16:18|now create process ["D:\aspWebServer-溢洋光电\bin\extworker.exe"]
Tue 08 Apr 08:43:54|listen *:58031[tcp6] for http success
Tue 08 Apr 08:43:54|listen *:58031[tcp4] for http success
Tue 08 Apr 08:43:54|listen *:3311[tcp6] for manage success
Tue 08 Apr 08:43:54|listen *:3311[tcp4] for manage success
Tue 08 Apr 08:43:54|Start success [pid=2952].
Tue 08 Apr 08:44:08|listen *:58031[tcp6] for http success
Tue 08 Apr 08:44:08|listen *:58031[tcp4] for http success
Tue 08 Apr 08:44:08|listen *:3311[tcp6] for manage success
Tue 08 Apr 08:44:08|listen *:3311[tcp4] for manage success
Tue 08 Apr 08:44:08|Start success [pid=3500].
Tue 08 Apr 08:44:08|now create process ["D:\aspWebServer-溢洋光电\bin\extworker.exe"]
Tue 08 Apr 09:23:31|listen *:58031[tcp6] for http success
Tue 08 Apr 09:23:31|listen *:58031[tcp4] for http success
Tue 08 Apr 09:23:31|listen *:3311[tcp6] for manage success
Tue 08 Apr 09:23:31|listen *:3311[tcp4] for manage success
Tue 08 Apr 09:23:31|Start success [pid=4620].
Tue 08 Apr 09:23:32|now create process ["D:\aspWebServer-溢洋光电\bin\extworker.exe"]
Tue 08 Apr 10:42:05|now create process ["D:\aspWebServer-溢洋光电\bin\extworker.exe"]
Tue 08 Apr 11:00:34|now create process ["D:\aspWebServer-溢洋光电\bin\extworker.exe"]
Tue 08 Apr 13:27:56|listen *:58031[tcp6] for http success
Tue 08 Apr 13:27:56|listen *:58031[tcp4] for http success
Tue 08 Apr 13:27:56|listen *:3311[tcp6] for manage success
Tue 08 Apr 13:27:56|listen *:3311[tcp4] for manage success
Tue 08 Apr 13:27:56|Start success [pid=2572].
Tue 08 Apr 13:27:56|now create process ["D:\aspWebServer-溢洋光电\bin\extworker.exe"]
Tue 08 Apr 13:50:35|now create process ["D:\aspWebServer-溢洋光电\bin\extworker.exe"]
Tue 08 Apr 17:10:47|now create process ["D:\aspWebServer-溢洋光电\bin\extworker.exe"]
Tue 08 Apr 17:29:24|now create process ["D:\aspWebServer-溢洋光电\bin\extworker.exe"]
Wed 09 Apr 08:33:15|listen *:58031[tcp6] for http success
Wed 09 Apr 08:33:15|listen *:58031[tcp4] for http success
Wed 09 Apr 08:33:15|listen *:3311[tcp6] for manage success
Wed 09 Apr 08:33:15|listen *:3311[tcp4] for manage success
Wed 09 Apr 08:33:15|Start success [pid=3864].
Wed 09 Apr 08:33:18|now create process ["D:\aspWebServer-溢洋光电\bin\extworker.exe"]
Wed 09 Apr 08:48:08|listen *:58031[tcp6] for http success
Wed 09 Apr 08:48:08|listen *:58031[tcp4] for http success
Wed 09 Apr 08:48:08|listen *:3311[tcp6] for manage success
Wed 09 Apr 08:48:08|listen *:3311[tcp4] for manage success
Wed 09 Apr 08:48:08|Start success [pid=4968].
Wed 09 Apr 08:48:08|now create process ["D:\aspWebServer-溢洋光电\bin\extworker.exe"]
Wed 09 Apr 13:21:52|listen *:58031[tcp6] for http success
Wed 09 Apr 13:21:52|listen *:58031[tcp4] for http success
Wed 09 Apr 13:21:52|listen *:3311[tcp6] for manage success
Wed 09 Apr 13:21:52|listen *:3311[tcp4] for manage success
Wed 09 Apr 13:21:52|Start success [pid=1092].
Wed 09 Apr 13:21:52|now create process ["D:\aspWebServer-溢洋光电\bin\extworker.exe"]
Wed 09 Apr 13:57:21|listen *:58031[tcp6] for http success
Wed 09 Apr 13:57:21|listen *:58031[tcp4] for http success
Wed 09 Apr 13:57:21|listen *:3311[tcp6] for manage success
Wed 09 Apr 13:57:21|listen *:3311[tcp4] for manage success
Wed 09 Apr 13:57:21|Start success [pid=12212].
Wed 09 Apr 13:57:22|now create process ["D:\aspWebServer-溢洋光电\bin\extworker.exe"]
Wed 09 Apr 14:22:06|now create process ["D:\aspWebServer-溢洋光电\bin\extworker.exe"]
Thu 10 Apr 09:35:54|listen *:58031[tcp6] for http success
Thu 10 Apr 09:35:54|listen *:58031[tcp4] for http success
Thu 10 Apr 09:35:54|listen *:3311[tcp6] for manage success
Thu 10 Apr 09:35:54|listen *:3311[tcp4] for manage success
Thu 10 Apr 09:35:54|Start success [pid=5272].
Thu 10 Apr 09:35:54|now create process ["D:\aspWebServer-溢洋光电\bin\extworker.exe"]
Thu 10 Apr 09:55:50|now create process ["D:\aspWebServer-溢洋光电\bin\extworker.exe"]
Fri 11 Apr 08:39:59|listen *:58031[tcp6] for http success
Fri 11 Apr 08:39:59|listen *:58031[tcp4] for http success
Fri 11 Apr 08:39:59|listen *:3311[tcp6] for manage success
Fri 11 Apr 08:39:59|listen *:3311[tcp4] for manage success
Fri 11 Apr 08:39:59|Start success [pid=5012].
Fri 11 Apr 08:39:59|now create process ["D:\aspWebServer-溢洋光电\bin\extworker.exe"]
Fri 11 Apr 08:43:24|listen *:58031[tcp6] for http success
Fri 11 Apr 08:43:24|listen *:58031[tcp4] for http success
Fri 11 Apr 08:43:24|listen *:3311[tcp6] for manage success
Fri 11 Apr 08:43:24|listen *:3311[tcp4] for manage success
Fri 11 Apr 08:43:24|Start success [pid=4872].
Fri 11 Apr 08:43:24|now create process ["D:\aspWebServer-溢洋光电\bin\extworker.exe"]
Fri 11 Apr 09:54:47|listen *:58031[tcp6] for http success
Fri 11 Apr 09:54:47|listen *:58031[tcp4] for http success
Fri 11 Apr 09:54:47|listen *:3311[tcp6] for manage success
Fri 11 Apr 09:54:47|listen *:3311[tcp4] for manage success
Fri 11 Apr 09:54:47|Start success [pid=5336].
Fri 11 Apr 09:54:48|now create process ["D:\aspWebServer-溢洋光电\bin\extworker.exe"]
Fri 11 Apr 10:08:25|now create process ["D:\aspWebServer-溢洋光电\bin\extworker.exe"]
Fri 11 Apr 12:35:21|now create process ["D:\aspWebServer-溢洋光电\bin\extworker.exe"]
Fri 11 Apr 13:04:09|now create process ["D:\aspWebServer-溢洋光电\bin\extworker.exe"]
Fri 11 Apr 14:10:33|listen *:58031[tcp6] for http success
Fri 11 Apr 14:10:33|listen *:58031[tcp4] for http success
Fri 11 Apr 14:10:33|listen *:3311[tcp6] for manage success
Fri 11 Apr 14:10:33|listen *:3311[tcp4] for manage success
Fri 11 Apr 14:10:33|Start success [pid=2772].
Fri 11 Apr 14:10:33|now create process ["D:\aspWebServer-溢洋光电\bin\extworker.exe"]
Fri 11 Apr 14:44:07|now create process ["D:\aspWebServer-溢洋光电\bin\extworker.exe"]
Fri 11 Apr 14:57:18|now create process ["D:\aspWebServer-溢洋光电\bin\extworker.exe"]
Fri 11 Apr 15:46:27|now create process ["D:\aspWebServer-溢洋光电\bin\extworker.exe"]
Fri 11 Apr 16:59:20|now create process ["D:\aspWebServer-溢洋光电\bin\extworker.exe"]
Tue 15 Apr 10:54:17|listen *:58031[tcp6] for http success
Tue 15 Apr 10:54:17|listen *:58031[tcp4] for http success
Tue 15 Apr 10:54:17|listen *:3311[tcp6] for manage success
Tue 15 Apr 10:54:17|listen *:3311[tcp4] for manage success
Tue 15 Apr 10:54:17|Start success [pid=3872].
Tue 15 Apr 10:54:17|now create process ["D:\aspWebServer-溢洋光电\bin\extworker.exe"]
Tue 15 Apr 12:38:21|now create process ["D:\aspWebServer-溢洋光电\bin\extworker.exe"]
Tue 15 Apr 13:04:51|now create process ["D:\aspWebServer-溢洋光电\bin\extworker.exe"]
Tue 15 Apr 14:22:30|now create process ["D:\aspWebServer-溢洋光电\bin/autoupdate.exe" "D:\aspWebServer-溢洋光电\\" "http://autoupdate.kanglesoft.com/config.php?version=2.7.2&type=free&f=win_x86" "down"]
Tue 15 Apr 15:47:20|now create process ["D:\aspWebServer-溢洋光电\bin\extworker.exe"]
Wed 16 Apr 08:39:20|listen *:58031[tcp6] for http success
Wed 16 Apr 08:39:20|listen *:58031[tcp4] for http success
Wed 16 Apr 08:39:20|listen *:3311[tcp6] for manage success
Wed 16 Apr 08:39:20|listen *:3311[tcp4] for manage success
Wed 16 Apr 08:39:20|Start success [pid=3536].
Wed 16 Apr 08:39:24|now create process ["D:\aspWebServer-溢洋光电\bin\extworker.exe"]
Wed 16 Apr 08:56:53|now create process ["D:\aspWebServer-溢洋光电\bin\extworker.exe"]
Wed 16 Apr 10:52:25|now create process ["D:\aspWebServer-溢洋光电\bin\extworker.exe"]
Wed 16 Apr 12:39:45|now create process ["D:\aspWebServer-溢洋光电\bin\extworker.exe"]
Wed 16 Apr 13:04:55|now create process ["D:\aspWebServer-溢洋光电\bin\extworker.exe"]
Thu 17 Apr 08:31:52|listen *:58031[tcp6] for http success
Thu 17 Apr 08:31:52|listen *:58031[tcp4] for http success
Thu 17 Apr 08:31:52|listen *:3311[tcp6] for manage success
Thu 17 Apr 08:31:52|listen *:3311[tcp4] for manage success
Thu 17 Apr 08:31:52|Start success [pid=4384].
Thu 17 Apr 08:34:07|now create process ["D:\aspWebServer-溢洋光电\bin\extworker.exe"]
Thu 17 Apr 10:18:31|now create process ["D:\aspWebServer-溢洋光电\bin\extworker.exe"]
Thu 17 Apr 12:33:25|now create process ["D:\aspWebServer-溢洋光电\bin\extworker.exe"]
Thu 17 Apr 13:03:57|now create process ["D:\aspWebServer-溢洋光电\bin\extworker.exe"]
Thu 17 Apr 13:38:07|now create process ["D:\aspWebServer-溢洋光电\bin\extworker.exe"]
Thu 17 Apr 13:52:06|now create process ["D:\aspWebServer-溢洋光电\bin\extworker.exe"]
Thu 17 Apr 15:36:21|now create process ["D:\aspWebServer-溢洋光电\bin\extworker.exe"]
Thu 17 Apr 15:36:24|CreateProcess error code=997
Thu 17 Apr 15:36:24|reinit win user right now.
Thu 17 Apr 16:12:45|now create process ["D:\aspWebServer-溢洋光电\bin\extworker.exe"]
Thu 17 Apr 16:29:06|now create process ["D:\aspWebServer-溢洋光电\bin\extworker.exe"]
Thu 17 Apr 17:06:09|now create process ["D:\aspWebServer-溢洋光电\bin\extworker.exe"]
Thu 17 Apr 17:22:10|now create process ["D:\aspWebServer-溢洋光电\bin\extworker.exe"]
Fri 18 Apr 08:38:58|listen *:58031[tcp6] for http success
Fri 18 Apr 08:38:58|listen *:58031[tcp4] for http success
Fri 18 Apr 08:38:58|listen *:3311[tcp6] for manage success
Fri 18 Apr 08:38:58|listen *:3311[tcp4] for manage success
Fri 18 Apr 08:38:58|Start success [pid=3228].
Fri 18 Apr 08:39:01|now create process ["D:\aspWebServer-溢洋光电\bin\extworker.exe"]
Fri 18 Apr 09:45:50|now create process ["D:\aspWebServer-溢洋光电\bin\extworker.exe"]
Fri 18 Apr 10:06:19|now create process ["D:\aspWebServer-溢洋光电\bin/autoupdate.exe" "D:\aspWebServer-溢洋光电\\" "http://autoupdate.kanglesoft.com/config.php?version=2.7.2&type=free&f=win_x86" "down"]
Fri 18 Apr 10:20:15|now create process ["D:\aspWebServer-溢洋光电\bin\extworker.exe"]
Fri 18 Apr 10:46:02|now create process ["D:\aspWebServer-溢洋光电\bin\extworker.exe"]
Fri 18 Apr 11:18:44|now create process ["D:\aspWebServer-溢洋光电\bin\extworker.exe"]
Fri 18 Apr 12:04:28|now create process ["D:\aspWebServer-溢洋光电\bin\extworker.exe"]
Fri 18 Apr 12:38:23|now create process ["D:\aspWebServer-溢洋光电\bin\extworker.exe"]
Fri 18 Apr 13:00:17|now create process ["D:\aspWebServer-溢洋光电\bin\extworker.exe"]
Fri 18 Apr 13:15:47|now create process ["D:\aspWebServer-溢洋光电\bin\extworker.exe"]
Fri 18 Apr 13:44:22|now create process ["D:\aspWebServer-溢洋光电\bin\extworker.exe"]
Fri 18 Apr 13:56:44|now create process ["D:\aspWebServer-溢洋光电\bin\extworker.exe"]
Fri 18 Apr 14:11:03|now create process ["D:\aspWebServer-溢洋光电\bin\extworker.exe"]
Fri 18 Apr 15:00:51|now create process ["D:\aspWebServer-溢洋光电\bin\extworker.exe"]
Mon 21 Apr 08:39:06|listen *:58031[tcp6] for http success
Mon 21 Apr 08:39:06|listen *:58031[tcp4] for http success
Mon 21 Apr 08:39:06|listen *:3311[tcp6] for manage success
Mon 21 Apr 08:39:06|listen *:3311[tcp4] for manage success
Mon 21 Apr 08:39:06|Start success [pid=5204].
Mon 21 Apr 08:39:08|now create process ["D:\aspWebServer-溢洋光电\bin\extworker.exe"]
Mon 21 Apr 08:57:21|now create process ["D:\aspWebServer-溢洋光电\bin\extworker.exe"]
Mon 21 Apr 10:07:12|now create process ["D:\aspWebServer-溢洋光电\bin\extworker.exe"]
Mon 21 Apr 10:34:58|now create process ["D:\aspWebServer-溢洋光电\bin\extworker.exe"]
Mon 21 Apr 12:30:48|now create process ["D:\aspWebServer-溢洋光电\bin\extworker.exe"]
Mon 21 Apr 12:30:51|CreateProcess error code=997
Mon 21 Apr 12:30:51|reinit win user right now.
Mon 21 Apr 13:04:17|now create process ["D:\aspWebServer-溢洋光电\bin\extworker.exe"]
Mon 21 Apr 13:45:17|now create process ["D:\aspWebServer-溢洋光电\bin\extworker.exe"]
Mon 21 Apr 14:09:10|now create process ["D:\aspWebServer-溢洋光电\bin\extworker.exe"]
Mon 21 Apr 14:38:47|now create process ["D:\aspWebServer-溢洋光电\bin\extworker.exe"]
Mon 21 Apr 15:33:14|listen *:58031[tcp6] for http success
Mon 21 Apr 15:33:14|listen *:58031[tcp4] for http success
Mon 21 Apr 15:33:14|listen *:3311[tcp6] for manage success
Mon 21 Apr 15:33:14|listen *:3311[tcp4] for manage success
Mon 21 Apr 15:33:14|Start success [pid=4776].
Mon 21 Apr 15:33:18|now create process ["D:\aspWebServer-溢洋光电\bin\extworker.exe"]
Mon 21 Apr 16:20:55|now create process ["D:\aspWebServer-溢洋光电\bin\extworker.exe"]
Tue 22 Apr 08:43:01|listen *:58031[tcp6] for http success
Tue 22 Apr 08:43:01|listen *:58031[tcp4] for http success
Tue 22 Apr 08:43:01|listen *:3311[tcp6] for manage success
Tue 22 Apr 08:43:01|listen *:3311[tcp4] for manage success
Tue 22 Apr 08:43:01|Start success [pid=4452].
Tue 22 Apr 08:43:04|now create process ["D:\aspWebServer-溢洋光电\bin\extworker.exe"]
Tue 22 Apr 08:43:07|CreateProcess error code=997
Tue 22 Apr 08:43:07|reinit win user right now.
Tue 22 Apr 08:43:10|CreateProcess error code=997
Tue 22 Apr 08:43:10|reinit win user right now.
Tue 22 Apr 08:43:17|now create process ["D:\aspWebServer-溢洋光电\bin\extworker.exe"]
Tue 22 Apr 12:32:39|now create process ["D:\aspWebServer-溢洋光电\bin\extworker.exe"]
Tue 22 Apr 13:03:50|now create process ["D:\aspWebServer-溢洋光电\bin\extworker.exe"]
Tue 22 Apr 13:55:24|now create process ["D:\aspWebServer-溢洋光电\bin\extworker.exe"]
Tue 22 Apr 14:08:06|now create process ["D:\aspWebServer-溢洋光电\bin\extworker.exe"]
Tue 22 Apr 15:46:04|now create process ["D:\aspWebServer-溢洋光电\bin/autoupdate.exe" "D:\aspWebServer-溢洋光电\\" "http://autoupdate.kanglesoft.com/config.php?version=2.7.2&type=free&f=win_x86" "down"]
Wed 23 Apr 08:29:30|listen *:58031[tcp6] for http success
Wed 23 Apr 08:29:30|listen *:58031[tcp4] for http success
Wed 23 Apr 08:29:30|listen *:3311[tcp6] for manage success
Wed 23 Apr 08:29:30|listen *:3311[tcp4] for manage success
Wed 23 Apr 08:29:30|Start success [pid=4040].
Wed 23 Apr 08:29:34|now create process ["D:\aspWebServer-溢洋光电\bin\extworker.exe"]
Wed 23 Apr 09:34:58|listen *:58031[tcp6] for http success
Wed 23 Apr 09:34:58|listen *:58031[tcp4] for http success
Wed 23 Apr 09:34:58|listen *:3311[tcp6] for manage success
Wed 23 Apr 09:34:58|listen *:3311[tcp4] for manage success
Wed 23 Apr 09:34:58|Start success [pid=3688].
Wed 23 Apr 09:34:58|now create process ["D:\aspWebServer-溢洋光电\bin\extworker.exe"]
Wed 23 Apr 09:50:32|listen *:58031[tcp6] for http success
Wed 23 Apr 09:50:32|listen *:58031[tcp4] for http success
Wed 23 Apr 09:50:32|listen *:3311[tcp6] for manage success
Wed 23 Apr 09:50:32|listen *:3311[tcp4] for manage success
Wed 23 Apr 09:50:32|Start success [pid=4284].
Wed 23 Apr 09:50:33|now create process ["D:\aspWebServer-溢洋光电\英文版\bin\extworker.exe"]
Wed 23 Apr 09:53:37|listen *:58031[tcp6] for http success
Wed 23 Apr 09:53:37|listen *:58031[tcp4] for http success
Wed 23 Apr 09:53:37|listen *:3311[tcp6] for manage success
Wed 23 Apr 09:53:37|listen *:3311[tcp4] for manage success
Wed 23 Apr 09:53:37|Start success [pid=984].
Wed 23 Apr 09:53:40|now create process ["D:\aspWebServer-溢洋光电\英文版\bin\extworker.exe"]
Wed 23 Apr 09:54:07|listen *:58031[tcp6] for http success
Wed 23 Apr 09:54:07|listen *:58031[tcp4] for http success
Wed 23 Apr 09:54:07|listen *:3311[tcp6] for manage success
Wed 23 Apr 09:54:07|listen *:3311[tcp4] for manage success
Wed 23 Apr 09:54:07|Start success [pid=4296].
Wed 23 Apr 09:54:08|now create process ["D:\aspWebServer-溢洋光电\英文版\bin\extworker.exe"]
Wed 23 Apr 10:27:32|now create process ["D:\aspWebServer-溢洋光电\英文版\bin\extworker.exe"]
Wed 23 Apr 11:19:16|listen *:58031[tcp6] for http success
Wed 23 Apr 11:19:16|listen *:58031[tcp4] for http success
Wed 23 Apr 11:19:16|listen *:3311[tcp6] for manage success
Wed 23 Apr 11:19:16|listen *:3311[tcp4] for manage success
Wed 23 Apr 11:19:16|Start success [pid=2772].
Wed 23 Apr 11:19:16|now create process ["D:\英文版\bin\extworker.exe"]
Wed 23 Apr 11:49:26|now create process ["D:\英文版\bin/autoupdate.exe" "D:\英文版\\" "http://autoupdate.kanglesoft.com/config.php?version=2.7.2&type=free&f=win_x86" "down"]
Wed 23 Apr 12:31:46|now create process ["D:\英文版\bin\extworker.exe"]
Wed 23 Apr 13:05:33|now create process ["D:\英文版\bin\extworker.exe"]
Wed 17 Dec 13:12:04|listen *:58031[tcp6] for http success
Wed 17 Dec 13:12:04|listen *:58031[tcp4] for http success
Wed 17 Dec 13:12:04|listen *:3311[tcp6] for manage success
Wed 17 Dec 13:12:04|listen *:3311[tcp4] for manage success
Wed 17 Dec 13:12:04|Start success [pid=5544].
Wed 17 Dec 13:12:04|now create process ["D:\网站案例\英文版\bin\extworker.exe"]
Wed 17 Dec 13:17:18|listen *:58031[tcp6] for http success
Wed 17 Dec 13:17:18|listen *:58031[tcp4] for http success
Wed 17 Dec 13:17:18|listen *:3311[tcp6] for manage success
Wed 17 Dec 13:17:18|listen *:3311[tcp4] for manage success
Wed 17 Dec 13:17:18|Start success [pid=4424].
Wed 17 Dec 13:17:19|now create process ["D:\网站案例\英文版\bin\extworker.exe"]
Wed 17 Dec 13:19:16|listen *:58031[tcp6] for http success
Wed 17 Dec 13:19:16|listen *:58031[tcp4] for http success
Wed 17 Dec 13:19:16|listen *:3311[tcp6] for manage success
Wed 17 Dec 13:19:16|listen *:3311[tcp4] for manage success
Wed 17 Dec 13:19:16|Start success [pid=5876].
Wed 17 Dec 13:19:16|now create process ["D:\网站案例\英文版\bin\extworker.exe"]
Wed 17 Dec 13:20:58|listen *:58031[tcp6] for http success
Wed 17 Dec 13:20:58|listen *:58031[tcp4] for http success
Wed 17 Dec 13:20:58|listen *:3311[tcp6] for manage success
Wed 17 Dec 13:20:58|listen *:3311[tcp4] for manage success
Wed 17 Dec 13:20:58|Start success [pid=3056].
Wed 17 Dec 13:20:58|now create process ["D:\网站案例\英文版\bin\extworker.exe"]
Wed 17 Dec 14:05:43|now create process ["D:\网站案例\英文版\bin\extworker.exe"]
Wed 17 Dec 17:19:57|listen *:58031[tcp6] for http success
Wed 17 Dec 17:19:57|listen *:58031[tcp4] for http success
Wed 17 Dec 17:19:57|listen *:3311[tcp6] for manage success
Wed 17 Dec 17:19:57|listen *:3311[tcp4] for manage success
Wed 17 Dec 17:19:57|Start success [pid=4316].
Wed 17 Dec 17:19:57|now create process ["D:\网站案例\英文版\bin\extworker.exe"]
Thu 18 Dec 08:40:04|listen *:58031[tcp6] for http success
Thu 18 Dec 08:40:04|listen *:58031[tcp4] for http success
Thu 18 Dec 08:40:04|listen *:3311[tcp6] for manage success
Thu 18 Dec 08:40:04|listen *:3311[tcp4] for manage success
Thu 18 Dec 08:40:04|Start success [pid=3840].
Thu 18 Dec 08:40:04|now create process ["D:\网站案例\英文版\bin\extworker.exe"]
Thu 18 Dec 09:00:07|now create process ["D:\网站案例\英文版\bin\extworker.exe"]
Thu 18 Dec 10:01:15|now create process ["D:\网站案例\英文版\bin\extworker.exe"]
Thu 18 Dec 10:26:54|now create process ["D:\网站案例\英文版\bin\extworker.exe"]
Thu 18 Dec 11:45:55|now create process ["D:\网站案例\英文版\bin\extworker.exe"]
Thu 18 Dec 12:32:10|now create process ["D:\网站案例\英文版\bin\extworker.exe"]
Thu 18 Dec 13:02:48|now create process ["D:\网站案例\英文版\bin\extworker.exe"]
Thu 18 Dec 14:35:20|now create process ["D:\网站案例\英文版\bin\extworker.exe"]
Thu 18 Dec 14:53:45|now create process ["D:\网站案例\英文版\bin/autoupdate.exe" "D:\网站案例\英文版\\" "http://autoupdate.kanglesoft.com/config.php?version=2.7.2&type=free&f=win_x86" "down"]
Thu 18 Dec 16:09:26|listen *:58031[tcp6] for http success
Thu 18 Dec 16:09:26|listen *:58031[tcp4] for http success
Thu 18 Dec 16:09:26|listen *:3311[tcp6] for manage success
Thu 18 Dec 16:09:26|listen *:3311[tcp4] for manage success
Thu 18 Dec 16:09:26|Start success [pid=5688].
Thu 18 Dec 16:09:27|now create process ["D:\网站案例\英文版\bin\extworker.exe"]
Fri 19 Dec 08:50:38|listen *:58031[tcp6] for http success
Fri 19 Dec 08:50:38|listen *:58031[tcp4] for http success
Fri 19 Dec 08:50:38|listen *:3311[tcp6] for manage success
Fri 19 Dec 08:50:38|listen *:3311[tcp4] for manage success
Fri 19 Dec 08:50:38|Start success [pid=628].
Fri 19 Dec 08:50:38|now create process ["D:\网站案例\英文版\bin\extworker.exe"]
Fri 19 Dec 09:42:01|now create process ["D:\网站案例\英文版\bin\extworker.exe"]
Fri 19 Dec 10:16:50|listen *:58031[tcp6] for http success
Fri 19 Dec 10:16:50|listen *:58031[tcp4] for http success
Fri 19 Dec 10:16:50|listen *:3311[tcp6] for manage success
Fri 19 Dec 10:16:50|listen *:3311[tcp4] for manage success
Fri 19 Dec 10:16:50|Start success [pid=2796].
Fri 19 Dec 10:16:51|now create process ["D:\网站案例\英文版\bin\extworker.exe"]
Fri 19 Dec 10:28:21|now create process ["D:\网站案例\英文版\bin\extworker.exe"]
Fri 19 Dec 12:27:59|now create process ["D:\网站案例\英文版\bin\extworker.exe"]
Fri 19 Dec 13:00:36|now create process ["D:\网站案例\英文版\bin\extworker.exe"]
Fri 19 Dec 16:21:57|now create process ["D:\网站案例\英文版\bin\extworker.exe"]
Mon 22 Dec 09:07:30|listen *:58031[tcp6] for http success
Mon 22 Dec 09:07:30|listen *:58031[tcp4] for http success
Mon 22 Dec 09:07:30|listen *:3311[tcp6] for manage success
Mon 22 Dec 09:07:30|listen *:3311[tcp4] for manage success
Mon 22 Dec 09:07:30|Start success [pid=4172].
Mon 22 Dec 09:07:30|now create process ["D:\网站案例\英文版\bin\extworker.exe"]
Mon 22 Dec 16:26:22|listen *:58031[tcp6] for http success
Mon 22 Dec 16:26:22|listen *:58031[tcp4] for http success
Mon 22 Dec 16:26:22|listen *:3311[tcp6] for manage success
Mon 22 Dec 16:26:22|listen *:3311[tcp4] for manage success
Mon 22 Dec 16:26:22|Start success [pid=4796].
Mon 22 Dec 16:26:22|now create process ["D:\网站案例\英文版\bin\extworker.exe"]
Tue 23 Dec 10:38:07|listen *:58031[tcp6] for http success
Tue 23 Dec 10:38:07|listen *:58031[tcp4] for http success
Tue 23 Dec 10:38:07|listen *:3311[tcp6] for manage success
Tue 23 Dec 10:38:07|listen *:3311[tcp4] for manage success
Tue 23 Dec 10:38:07|Start success [pid=5836].
Tue 23 Dec 10:38:08|now create process ["D:\网站案例\英文版\bin\extworker.exe"]
Tue 23 Dec 13:01:15|now create process ["D:\网站案例\英文版\bin\extworker.exe"]
Tue 23 Dec 13:40:15|now create process ["D:\网站案例\英文版\bin\extworker.exe"]
Tue 23 Dec 14:56:31|now create process ["D:\网站案例\英文版\bin/autoupdate.exe" "D:\网站案例\英文版\\" "http://autoupdate.kanglesoft.com/config.php?version=2.7.2&type=free&f=win_x86" "down"]
Tue 23 Dec 15:36:41|now create process ["D:\网站案例\英文版\bin\extworker.exe"]
Wed 24 Dec 10:10:08|listen *:58031[tcp6] for http success
Wed 24 Dec 10:10:08|listen *:58031[tcp4] for http success
Wed 24 Dec 10:10:08|listen *:3311[tcp6] for manage success
Wed 24 Dec 10:10:08|listen *:3311[tcp4] for manage success
Wed 24 Dec 10:10:08|Start success [pid=1236].
Wed 24 Dec 10:10:08|now create process ["D:\网站案例\英文版\bin\extworker.exe"]
Tue 13 Jan 10:06:49|listen *:58031[tcp6] for http success
Tue 13 Jan 10:06:49|listen *:58031[tcp4] for http success
Tue 13 Jan 10:06:49|listen *:3311[tcp6] for manage success
Tue 13 Jan 10:06:49|listen *:3311[tcp4] for manage success
Tue 13 Jan 10:06:49|Start success [pid=940].
Tue 13 Jan 10:06:49|now create process ["D:\网站案例\英文版\bin\extworker.exe"]
Tue 13 Jan 10:48:03|now create process ["D:\网站案例\英文版\bin\extworker.exe"]
Tue 13 Jan 11:07:24|now create process ["D:\网站案例\英文版\bin\extworker.exe"]
Wed 22 Apr 11:59:02|listen *:58031[tcp6] for http success
Wed 22 Apr 11:59:02|listen *:58031[tcp4] for http success
Wed 22 Apr 11:59:02|listen *:3311[tcp6] for manage success
Wed 22 Apr 11:59:02|listen *:3311[tcp4] for manage success
Wed 22 Apr 11:59:02|Start success [pid=576].
Wed 22 Apr 11:59:02|now create process ["D:\网站案例\英文版\bin\extworker.exe"]
Wed 22 Apr 12:41:08|now create process ["D:\网站案例\英文版\bin\extworker.exe"]
Wed 29 Apr 10:34:35|listen *:58031[tcp6] for http success
Wed 29 Apr 10:34:35|listen *:58031[tcp4] for http success
Wed 29 Apr 10:34:35|listen *:3311[tcp6] for manage success
Wed 29 Apr 10:34:35|listen *:3311[tcp4] for manage success
Wed 29 Apr 10:34:35|Start success [pid=3552].
Wed 29 Apr 10:34:35|now create process ["D:\网站案例\英文版\bin\extworker.exe"]
Wed 29 Apr 13:40:55|now create process ["D:\网站案例\英文版\bin\extworker.exe"]
Wed 29 Apr 14:38:17|now create process ["D:\网站案例\英文版\bin\extworker.exe"]
Wed 29 Apr 14:54:24|now create process ["D:\网站案例\英文版\bin\extworker.exe"]
Wed 29 Apr 15:14:50|now create process ["D:\网站案例\英文版\bin\extworker.exe"]
Wed 29 Apr 16:07:58|now create process ["D:\网站案例\英文版\bin\extworker.exe"]
Wed 29 Apr 17:15:25|now create process ["D:\网站案例\英文版\bin/autoupdate.exe" "D:\网站案例\英文版\\" "http://autoupdate.kanglesoft.com/config.php?version=2.7.2&type=free&f=win_x86" "down"]
Tue 05 May 13:29:11|listen *:58031[tcp6] for http success
Tue 05 May 13:29:11|listen *:58031[tcp4] for http success
Tue 05 May 13:29:11|listen *:3311[tcp6] for manage success
Tue 05 May 13:29:11|listen *:3311[tcp4] for manage success
Tue 05 May 13:29:11|Start success [pid=3532].
Tue 05 May 13:30:26|now create process ["D:\网站案例\英文版\bin\extworker.exe"]
Tue 05 May 13:43:37|listen *:58031[tcp6] for http success
Tue 05 May 13:43:37|listen *:58031[tcp4] for http success
Tue 05 May 13:43:37|listen *:3311[tcp6] for manage success
Tue 05 May 13:43:37|listen *:3311[tcp4] for manage success
Tue 05 May 13:43:37|Start success [pid=4312].
Tue 05 May 13:43:40|now create process ["D:\网站案例\英文版\bin\extworker.exe"]
Tue 05 May 15:12:47|now create process ["D:\网站案例\英文版\bin/autoupdate.exe" "D:\网站案例\英文版\\" "http://autoupdate.kanglesoft.com/config.php?version=2.7.2&type=free&f=win_x86" "down"]
Thu 07 May 10:24:18|listen *:58031[tcp6] for http success
Thu 07 May 10:24:18|listen *:58031[tcp4] for http success
Thu 07 May 10:24:18|listen *:3311[tcp6] for manage success
Thu 07 May 10:24:18|listen *:3311[tcp4] for manage success
Thu 07 May 10:24:18|Start success [pid=5576].
Thu 07 May 10:24:18|now create process ["D:\网站案例\英文版\bin\extworker.exe"]
Thu 07 May 15:26:36|listen *:58031[tcp6] for http success
Thu 07 May 15:26:36|listen *:58031[tcp4] for http success
Thu 07 May 15:26:36|listen *:3311[tcp6] for manage success
Thu 07 May 15:26:36|listen *:3311[tcp4] for manage success
Thu 07 May 15:26:36|Start success [pid=6852].
Thu 07 May 15:26:36|now create process ["D:\网站案例\英文版\bin\extworker.exe"]
Fri 08 May 09:17:52|listen *:58031[tcp6] for http success
Fri 08 May 09:17:52|listen *:58031[tcp4] for http success
Fri 08 May 09:17:52|listen *:3311[tcp6] for manage success
Fri 08 May 09:17:52|listen *:3311[tcp4] for manage success
Fri 08 May 09:17:52|Start success [pid=2932].
Fri 08 May 09:17:52|now create process ["D:\网站案例\英文版\bin\extworker.exe"]
Fri 08 May 09:27:50|listen *:58031[tcp6] for http success
Fri 08 May 09:27:50|listen *:58031[tcp4] for http success
Fri 08 May 09:27:50|listen *:3311[tcp6] for manage success
Fri 08 May 09:27:50|listen *:3311[tcp4] for manage success
Fri 08 May 09:27:50|Start success [pid=4428].
Fri 08 May 09:27:50|now create process ["D:\网站案例\英文版\bin\extworker.exe"]
Fri 08 May 10:19:28|now create process ["D:\网站案例\英文版\bin\extworker.exe"]
Fri 08 May 12:33:19|now create process ["D:\网站案例\英文版\bin\extworker.exe"]
Fri 08 May 13:02:15|now create process ["D:\网站案例\英文版\bin\extworker.exe"]
Fri 08 May 14:31:58|now create process ["D:\网站案例\英文版\bin\extworker.exe"]
Fri 08 May 14:56:34|now create process ["D:\网站案例\英文版\bin\extworker.exe"]
Fri 08 May 15:16:43|now create process ["D:\网站案例\英文版\bin\extworker.exe"]
Fri 08 May 16:08:51|now create process ["D:\网站案例\英文版\bin\extworker.exe"]
Fri 08 May 17:12:20|now create process ["D:\网站案例\英文版\bin\extworker.exe"]
Mon 11 May 09:18:48|listen *:58031[tcp6] for http success
Mon 11 May 09:18:48|listen *:58031[tcp4] for http success
Mon 11 May 09:18:48|listen *:3311[tcp6] for manage success
Mon 11 May 09:18:48|listen *:3311[tcp4] for manage success
Mon 11 May 09:18:48|Start success [pid=6044].
Mon 11 May 09:18:49|now create process ["D:\网站案例\英文版\bin\extworker.exe"]
Mon 11 May 12:33:33|now create process ["D:\网站案例\英文版\bin\extworker.exe"]
Tue 12 May 08:40:14|listen *:58031[tcp6] for http success
Tue 12 May 08:40:14|listen *:58031[tcp4] for http success
Tue 12 May 08:40:14|listen *:3311[tcp6] for manage success
Tue 12 May 08:40:14|listen *:3311[tcp4] for manage success
Tue 12 May 08:40:14|Start success [pid=2876].
Tue 12 May 08:40:14|now create process ["D:\网站案例\英文版\bin\extworker.exe"]
Tue 12 May 09:09:40|listen *:58031[tcp6] for http success
Tue 12 May 09:09:40|listen *:58031[tcp4] for http success
Tue 12 May 09:09:40|listen *:3311[tcp6] for manage success
Tue 12 May 09:09:40|listen *:3311[tcp4] for manage success
Tue 12 May 09:09:40|Start success [pid=3104].
Tue 12 May 09:09:40|now create process ["D:\网站案例\英文版\bin\extworker.exe"]
Tue 12 May 11:02:55|now create process ["D:\网站案例\英文版\bin\extworker.exe"]
Thu 14 May 11:10:47|listen *:58031[tcp6] for http success
Thu 14 May 11:10:47|listen *:58031[tcp4] for http success
Thu 14 May 11:10:47|listen *:3311[tcp6] for manage success
Thu 14 May 11:10:47|listen *:3311[tcp4] for manage success
Thu 14 May 11:10:47|Start success [pid=5132].
Thu 14 May 11:10:47|now create process ["D:\网站案例\英文版\bin\extworker.exe"]
Thu 14 May 16:11:29|listen *:58031[tcp6] for http success
Thu 14 May 16:11:29|listen *:58031[tcp4] for http success
Thu 14 May 16:11:29|listen *:3311[tcp6] for manage success
Thu 14 May 16:11:29|listen *:3311[tcp4] for manage success
Thu 14 May 16:11:29|Start success [pid=1888].
Thu 14 May 16:11:29|now create process ["D:\网站案例\英文版\bin\extworker.exe"]
Fri 15 May 10:51:29|listen *:58031[tcp6] for http success
Fri 15 May 10:51:29|listen *:58031[tcp4] for http success
Fri 15 May 10:51:29|listen *:3311[tcp6] for manage success
Fri 15 May 10:51:29|listen *:3311[tcp4] for manage success
Fri 15 May 10:51:29|Start success [pid=5700].
Fri 15 May 10:51:29|now create process ["D:\网站案例\英文版\bin\extworker.exe"]
Fri 15 May 11:06:26|now create process ["D:\网站案例\英文版\bin\extworker.exe"]
Sat 16 May 09:37:06|listen *:58031[tcp6] for http success
Sat 16 May 09:37:06|listen *:58031[tcp4] for http success
Sat 16 May 09:37:06|listen *:3311[tcp6] for manage success
Sat 16 May 09:37:06|listen *:3311[tcp4] for manage success
Sat 16 May 09:37:06|Start success [pid=5212].
Sat 16 May 09:37:06|now create process ["D:\网站案例\英文版\bin\extworker.exe"]
Sat 16 May 10:29:15|now create process ["D:\网站案例\英文版\bin\extworker.exe"]
Sat 16 May 11:22:31|now create process ["D:\网站案例\英文版\bin\extworker.exe"]
Sat 16 May 11:51:58|now create process ["D:\网站案例\英文版\bin\extworker.exe"]
Sat 16 May 12:05:29|now create process ["D:\网站案例\英文版\bin\extworker.exe"]
Wed 27 May 09:03:14|listen *:58031[tcp6] for http success
Wed 27 May 09:03:14|listen *:58031[tcp4] for http success
Wed 27 May 09:03:14|listen *:3311[tcp6] for manage success
Wed 27 May 09:03:14|listen *:3311[tcp4] for manage success
Wed 27 May 09:03:14|Start success [pid=2304].
Wed 27 May 09:03:14|now create process ["D:\网站案例\英文版\bin\extworker.exe"]
Thu 09 Jul 14:12:33|listen *:58031[tcp6] for http success
Thu 09 Jul 14:12:33|listen *:58031[tcp4] for http success
Thu 09 Jul 14:12:33|listen *:3311[tcp6] for manage success
Thu 09 Jul 14:12:33|listen *:3311[tcp4] for manage success
Thu 09 Jul 14:12:33|Start success [pid=4292].
Thu 09 Jul 14:12:33|now create process ["D:\网站案例\Resbett.com-英文版\bin\extworker.exe"]
Mon 27 Jul 10:48:30|listen *:58031[tcp6] for http success
Mon 27 Jul 10:48:30|listen *:58031[tcp4] for http success
Mon 27 Jul 10:48:30|listen *:3311[tcp6] for manage success
Mon 27 Jul 10:48:30|listen *:3311[tcp4] for manage success
Mon 27 Jul 10:48:30|Start success [pid=4076].
Mon 27 Jul 10:48:37|listen *:58031[tcp6] for http success
Mon 27 Jul 10:48:37|listen *:58031[tcp4] for http success
Mon 27 Jul 10:48:37|listen *:3311[tcp6] for manage success
Mon 27 Jul 10:48:37|listen *:3311[tcp4] for manage success
Mon 27 Jul 10:48:37|Start success [pid=1420].
Mon 27 Jul 10:49:34|listen *:58031[tcp6] for http success
Mon 27 Jul 10:49:34|listen *:58031[tcp4] for http success
Mon 27 Jul 10:49:34|listen *:3311[tcp6] for manage success
Mon 27 Jul 10:49:34|listen *:3311[tcp4] for manage success
Mon 27 Jul 10:49:34|Start success [pid=5244].
Mon 27 Jul 10:50:12|now create process ["D:\Resbett.com-英文版\bin\extworker.exe"]
Mon 27 Jul 10:54:20|listen *:58031[tcp6] for http success
Mon 27 Jul 10:54:20|listen *:58031[tcp4] for http success
Mon 27 Jul 10:54:20|listen *:3311[tcp6] for manage success
Mon 27 Jul 10:54:20|listen *:3311[tcp4] for manage success
Mon 27 Jul 10:54:20|Start success [pid=4948].
Mon 27 Jul 10:54:20|now create process ["D:\Resbett.com-英文版\bin\extworker.exe"]
Fri 31 Jul 11:25:17|listen *:58031[tcp6] for http success
Fri 31 Jul 11:25:17|listen *:58031[tcp4] for http success
Fri 31 Jul 11:25:17|listen *:3311[tcp6] for manage success
Fri 31 Jul 11:25:17|listen *:3311[tcp4] for manage success
Fri 31 Jul 11:25:17|Start success [pid=2676].
Fri 31 Jul 11:25:17|now create process ["D:\Resbett.com-英文版\bin\extworker.exe"]
Mon 28 Mar 15:33:14|listen *:58031[tcp6] for http success
Mon 28 Mar 15:33:14|listen *:58031[tcp4] for http success
Mon 28 Mar 15:33:14|listen *:3311[tcp6] for manage success
Mon 28 Mar 15:33:14|listen *:3311[tcp4] for manage success
Mon 28 Mar 15:33:15|Start success [pid=7396].
Mon 28 Mar 15:33:15|now create process ["D:\客户网站案例\Resbett.com-英文版\bin\extworker.exe"]
Tue 16 Aug 13:43:25|listen *:58031[tcp6] for http success
Tue 16 Aug 13:43:25|listen *:58031[tcp4] for http success
Tue 16 Aug 13:43:25|listen *:3311[tcp6] for manage success
Tue 16 Aug 13:43:25|listen *:3311[tcp4] for manage success
Tue 16 Aug 13:43:25|Start success [pid=6372].
Tue 16 Aug 13:43:26|now create process ["D:\客户网站案例\Resbett.com-英文版\bin\extworker.exe"]
Mon 22 Aug 14:51:20|listen *:58031[tcp6] for http success
Mon 22 Aug 14:51:20|listen *:58031[tcp4] for http success
Mon 22 Aug 14:51:20|listen *:3311[tcp6] for manage success
Mon 22 Aug 14:51:20|listen *:3311[tcp4] for manage success
Mon 22 Aug 14:51:20|Start success [pid=3788].
Mon 22 Aug 14:51:20|now create process ["D:\客户网站案例\Resbett.com-英文版\bin\extworker.exe"]
Thu 04 May 08:19:07|listen *:58031[tcp6] for http success
Thu 04 May 08:19:07|listen *:58031[tcp4] for http success
Thu 04 May 08:19:08|listen *:3311[tcp6] for manage success
Thu 04 May 08:19:08|listen *:3311[tcp4] for manage success
Thu 04 May 08:19:08|Start success [pid=5488].
Thu 04 May 08:19:08|now create process ["D:\客户网站案例\precintl.com-英文版\bin\extworker.exe"]
Thu 04 May 08:24:27|listen *:86[tcp6] for http success
Thu 04 May 08:24:27|listen *:86[tcp4] for http success
Thu 04 May 08:24:27|listen *:3311[tcp6] for manage success
Thu 04 May 08:24:27|listen *:3311[tcp4] for manage success
Thu 04 May 08:24:27|Start success [pid=7824].
Thu 04 May 08:24:30|now create process ["D:\客户网站案例\precintl.com-英文版\bin\extworker.exe"]
Thu 04 May 09:00:24|now create process ["D:\客户网站案例\precintl.com-英文版\bin\extworker.exe"]
Thu 04 May 09:33:16|now create process ["D:\客户网站案例\precintl.com-英文版\bin\extworker.exe"]
Thu 04 May 10:14:47|now create process ["D:\客户网站案例\precintl.com-英文版\bin\extworker.exe"]
Fri 05 May 08:20:34|listen *:86[tcp6] for http success
Fri 05 May 08:20:34|listen *:86[tcp4] for http success
Fri 05 May 08:20:34|listen *:3311[tcp6] for manage success
Fri 05 May 08:20:34|listen *:3311[tcp4] for manage success
Fri 05 May 08:20:34|Start success [pid=3644].
Fri 05 May 08:20:51|now create process ["D:\客户网站案例\precintl.com-英文版\bin\extworker.exe"]
Fri 05 May 08:20:55|CreateProcess error code=997
Fri 05 May 08:20:55|reinit win user right now.
Fri 05 May 08:29:49|listen *:86[tcp6] for http success
Fri 05 May 08:29:49|listen *:86[tcp4] for http success
Fri 05 May 08:29:49|listen *:3311[tcp6] for manage success
Fri 05 May 08:29:49|listen *:3311[tcp4] for manage success
Fri 05 May 08:29:49|Start success [pid=5564].
Fri 05 May 08:29:55|now create process ["D:\客户网站案例\precintl.com-英文版\bin\extworker.exe"]
Thu 29 Jun 13:26:23|listen *:86[tcp6] for http success
Thu 29 Jun 13:26:23|listen *:86[tcp4] for http success
Thu 29 Jun 13:26:23|listen *:3311[tcp6] for manage success
Thu 29 Jun 13:26:23|listen *:3311[tcp4] for manage success
Thu 29 Jun 13:26:23|Start success [pid=1900].
Thu 29 Jun 13:26:31|now create process ["D:\客户网站案例\precintl.com-英文版\bin\extworker.exe"]
Thu 29 Jun 13:30:18|listen *:86[tcp6] for http success
Thu 29 Jun 13:30:18|listen *:86[tcp4] for http success
Thu 29 Jun 13:30:18|listen *:3311[tcp6] for manage success
Thu 29 Jun 13:30:18|listen *:3311[tcp4] for manage success
Thu 29 Jun 13:30:18|Start success [pid=6684].
Thu 29 Jun 13:30:25|now create process ["D:\客户网站案例\precintl.com-英文版\bin\extworker.exe"]
Thu 29 Jun 15:16:24|listen *:86[tcp6] for http success
Thu 29 Jun 15:16:24|listen *:86[tcp4] for http success
Thu 29 Jun 15:16:24|listen *:3311[tcp6] for manage success
Thu 29 Jun 15:16:24|listen *:3311[tcp4] for manage success
Thu 29 Jun 15:16:24|Start success [pid=7272].
Thu 29 Jun 15:16:39|now create process ["D:\客户网站案例\precintl.com-英文版\bin\extworker.exe"]
Thu 29 Jun 16:00:32|now create process ["D:\客户网站案例\precintl.com-英文版\bin\extworker.exe"]
Thu 29 Jun 16:51:41|now create process ["D:\客户网站案例\precintl.com-英文版\bin\extworker.exe"]
Fri 30 Jun 08:47:13|listen *:86[tcp6] for http success
Fri 30 Jun 08:47:13|listen *:86[tcp4] for http success
Fri 30 Jun 08:47:13|listen *:3311[tcp6] for manage success
Fri 30 Jun 08:47:13|listen *:3311[tcp4] for manage success
Fri 30 Jun 08:47:13|Start success [pid=8092].
Fri 30 Jun 16:29:57|listen *:86[tcp6] for http success
Fri 30 Jun 16:29:57|listen *:86[tcp4] for http success
Fri 30 Jun 16:29:57|listen *:3311[tcp6] for manage success
Fri 30 Jun 16:29:57|listen *:3311[tcp4] for manage success
Fri 30 Jun 16:29:57|Start success [pid=9936].
Fri 30 Jun 16:30:21|now create process ["D:\客户网站案例\precintl.com-英文版\bin\extworker.exe"]
Mon 03 Jul 10:08:15|listen *:86[tcp6] for http success
Mon 03 Jul 10:08:15|listen *:86[tcp4] for http success
Mon 03 Jul 10:08:15|listen *:3311[tcp6] for manage success
Mon 03 Jul 10:08:15|listen *:3311[tcp4] for manage success
Mon 03 Jul 10:08:15|Start success [pid=8132].
Mon 03 Jul 10:08:41|now create process ["D:\客户网站案例\precintl.com-英文版\bin\extworker.exe"]
Mon 03 Jul 10:23:56|now create process ["D:\客户网站案例\precintl.com-英文版\bin\extworker.exe"]
Mon 03 Jul 12:36:13|now create process ["D:\客户网站案例\precintl.com-英文版\bin\extworker.exe"]
Mon 03 Jul 13:39:13|now create process ["D:\客户网站案例\precintl.com-英文版\bin\extworker.exe"]
Mon 03 Jul 16:02:10|now create process ["D:\客户网站案例\precintl.com-英文版\bin\extworker.exe"]
Mon 03 Jul 16:23:51|now create process ["D:\客户网站案例\precintl.com-英文版\bin\extworker.exe"]
Mon 03 Jul 17:16:09|listen *:86[tcp6] for http success
Mon 03 Jul 17:16:09|listen *:86[tcp4] for http success
Mon 03 Jul 17:16:09|listen *:3311[tcp6] for manage success
Mon 03 Jul 17:16:09|listen *:3311[tcp4] for manage success
Mon 03 Jul 17:16:09|Start success [pid=7664].
Mon 03 Jul 17:16:44|now create process ["D:\客户网站案例\precintl.com-英文版\bin\extworker.exe"]
Tue 04 Jul 09:14:59|listen *:86[tcp6] for http success
Tue 04 Jul 09:14:59|listen *:86[tcp4] for http success
Tue 04 Jul 09:14:59|listen *:3311[tcp6] for manage success
Tue 04 Jul 09:14:59|listen *:3311[tcp4] for manage success
Tue 04 Jul 09:14:59|Start success [pid=6556].
Tue 04 Jul 09:15:03|now create process ["D:\客户网站案例\precintl.com-英文版\bin\extworker.exe"]
Tue 04 Jul 09:48:05|now create process ["D:\客户网站案例\precintl.com-英文版\bin\extworker.exe"]
Tue 04 Jul 11:05:26|now create process ["D:\客户网站案例\precintl.com-英文版\bin\extworker.exe"]
Tue 04 Jul 13:04:43|now create process ["D:\客户网站案例\precintl.com-英文版\bin\extworker.exe"]
Tue 04 Jul 14:06:54|now create process ["D:\客户网站案例\precintl.com-英文版\bin/autoupdate.exe" "D:\客户网站案例\precintl.com-英文版\\" "http://autoupdate.kanglesoft.com/config.php?version=2.7.2&type=free&f=win_x86" "down"]
Tue 04 Jul 14:58:13|listen *:86[tcp6] for http success
Tue 04 Jul 14:58:13|listen *:86[tcp4] for http success
Tue 04 Jul 14:58:13|listen *:3311[tcp6] for manage success
Tue 04 Jul 14:58:13|listen *:3311[tcp4] for manage success
Tue 04 Jul 14:58:13|Start success [pid=9972].
Tue 04 Jul 14:58:17|now create process ["D:\客户网站案例\precintl.com-英文版\bin\extworker.exe"]
Tue 04 Jul 15:21:51|now create process ["D:\客户网站案例\precintl.com-英文版\bin\extworker.exe"]
Wed 05 Jul 10:10:40|listen *:86[tcp6] for http success
Wed 05 Jul 10:10:40|listen *:86[tcp4] for http success
Wed 05 Jul 10:10:40|listen *:3311[tcp6] for manage success
Wed 05 Jul 10:10:40|listen *:3311[tcp4] for manage success
Wed 05 Jul 10:10:40|Start success [pid=9524].
Wed 05 Jul 10:10:54|now create process ["D:\客户网站案例\precintl.com-英文版\bin\extworker.exe"]
Wed 05 Jul 13:02:15|listen *:86[tcp6] for http success
Wed 05 Jul 13:02:15|listen *:86[tcp4] for http success
Wed 05 Jul 13:02:15|listen *:3311[tcp6] for manage success
Wed 05 Jul 13:02:15|listen *:3311[tcp4] for manage success
Wed 05 Jul 13:02:15|Start success [pid=1220].
Wed 05 Jul 13:02:29|now create process ["D:\客户网站案例\precintl.com-英文版\bin\extworker.exe"]
Wed 05 Jul 13:08:52|listen *:86[tcp6] for http success
Wed 05 Jul 13:08:52|listen *:86[tcp4] for http success
Wed 05 Jul 13:08:52|listen *:3311[tcp6] for manage success
Wed 05 Jul 13:08:52|listen *:3311[tcp4] for manage success
Wed 05 Jul 13:08:52|Start success [pid=3260].
Wed 05 Jul 13:09:20|now create process ["D:\客户网站案例\precintl.com-英文版\bin\extworker.exe"]
Mon 10 Jul 16:41:36|listen *:86[tcp6] for http success
Mon 10 Jul 16:41:36|listen *:86[tcp4] for http success
Mon 10 Jul 16:41:36|listen *:3311[tcp6] for manage success
Mon 10 Jul 16:41:36|listen *:3311[tcp4] for manage success
Mon 10 Jul 16:41:36|Start success [pid=9836].
Mon 10 Jul 16:41:46|now create process ["D:\客户网站案例\precintl.com-英文版\bin\extworker.exe"]
Tue 11 Jul 09:01:04|listen *:86[tcp6] for http success
Tue 11 Jul 09:01:04|listen *:86[tcp4] for http success
Tue 11 Jul 09:01:04|listen *:3311[tcp6] for manage success
Tue 11 Jul 09:01:04|listen *:3311[tcp4] for manage success
Tue 11 Jul 09:01:04|Start success [pid=4720].
Tue 11 Jul 09:01:14|now create process ["D:\客户网站案例\precintl.com-英文版\bin\extworker.exe"]
Tue 11 Jul 09:36:08|now create process ["D:\客户网站案例\precintl.com-英文版\bin\extworker.exe"]
Tue 11 Jul 10:31:30|now create process ["D:\客户网站案例\precintl.com-英文版\bin\extworker.exe"]
Tue 11 Jul 12:35:12|now create process ["D:\客户网站案例\precintl.com-英文版\bin\extworker.exe"]
Tue 11 Jul 14:32:25|now create process ["D:\客户网站案例\precintl.com-英文版\bin\extworker.exe"]
Tue 11 Jul 15:15:57|now create process ["D:\客户网站案例\precintl.com-英文版\bin\extworker.exe"]
Tue 11 Jul 16:35:35|now create process ["D:\客户网站案例\precintl.com-英文版\bin\extworker.exe"]
Wed 12 Jul 08:32:30|listen *:86[tcp6] for http success
Wed 12 Jul 08:32:30|listen *:86[tcp4] for http success
Wed 12 Jul 08:32:30|listen *:3311[tcp6] for manage success
Wed 12 Jul 08:32:30|listen *:3311[tcp4] for manage success
Wed 12 Jul 08:32:30|Start success [pid=5412].
Wed 12 Jul 08:32:35|now create process ["D:\客户网站案例\precintl.com-英文版\bin\extworker.exe"]
Wed 12 Jul 10:14:59|now create process ["D:\客户网站案例\precintl.com-英文版\bin\extworker.exe"]
Wed 12 Jul 11:01:43|now create process ["D:\客户网站案例\precintl.com-英文版\bin\extworker.exe"]
Wed 12 Jul 11:30:47|now create process ["D:\客户网站案例\precintl.com-英文版\bin\extworker.exe"]
Wed 12 Jul 12:58:24|listen *:86[tcp6] for http success
Wed 12 Jul 12:58:24|listen *:86[tcp4] for http success
Wed 12 Jul 12:58:24|listen *:3311[tcp6] for manage success
Wed 12 Jul 12:58:24|listen *:3311[tcp4] for manage success
Wed 12 Jul 12:58:24|Start success [pid=10028].
Wed 12 Jul 12:58:31|now create process ["D:\客户网站案例\precintl.com-英文版\bin\extworker.exe"]
Wed 12 Jul 13:46:59|now create process ["D:\客户网站案例\precintl.com-英文版\bin\extworker.exe"]
Wed 12 Jul 15:13:44|now create process ["D:\客户网站案例\precintl.com-英文版\bin\extworker.exe"]
Wed 12 Jul 15:43:18|now create process ["D:\客户网站案例\precintl.com-英文版\bin\extworker.exe"]
Wed 12 Jul 15:54:39|now create process ["D:\客户网站案例\precintl.com-英文版\bin\extworker.exe"]
Fri 21 Jul 08:33:57|listen *:86[tcp6] for http success
Fri 21 Jul 08:33:57|listen *:86[tcp4] for http success
Fri 21 Jul 08:33:57|listen *:3311[tcp6] for manage success
Fri 21 Jul 08:33:57|listen *:3311[tcp4] for manage success
Fri 21 Jul 08:33:57|Start success [pid=4236].
Fri 21 Jul 08:34:20|now create process ["D:\客户网站案例\precintl.com-英文版\bin\extworker.exe"]
Fri 21 Jul 11:18:47|now create process ["D:\客户网站案例\precintl.com-英文版\bin\extworker.exe"]
Fri 21 Jul 12:35:29|now create process ["D:\客户网站案例\precintl.com-英文版\bin\extworker.exe"]
Fri 21 Jul 13:57:51|listen *:86[tcp6] for http success
Fri 21 Jul 13:57:51|listen *:86[tcp4] for http success
Fri 21 Jul 13:57:51|listen *:3311[tcp6] for manage success
Fri 21 Jul 13:57:51|listen *:3311[tcp4] for manage success
Fri 21 Jul 13:57:51|Start success [pid=9376].
Fri 21 Jul 13:57:56|now create process ["D:\客户网站案例\precintl.com-英文版\bin\extworker.exe"]
Fri 21 Jul 15:03:14|now create process ["D:\客户网站案例\precintl.com-英文版\bin\extworker.exe"]
Fri 21 Jul 15:21:38|now create process ["D:\客户网站案例\precintl.com-英文版\bin\extworker.exe"]
Fri 21 Jul 15:51:33|now create process ["D:\客户网站案例\precintl.com-英文版\bin\extworker.exe"]
Mon 24 Jul 13:00:08|listen *:86[tcp6] for http success
Mon 24 Jul 13:00:08|listen *:86[tcp4] for http success
Mon 24 Jul 13:00:08|listen *:3311[tcp6] for manage success
Mon 24 Jul 13:00:08|listen *:3311[tcp4] for manage success
Mon 24 Jul 13:00:08|Start success [pid=9936].
Mon 24 Jul 13:00:10|now create process ["D:\客户网站案例\precintl.com-英文版\bin\extworker.exe"]
Tue 25 Jul 10:50:16|listen *:86[tcp6] for http success
Tue 25 Jul 10:50:16|listen *:86[tcp4] for http success
Tue 25 Jul 10:50:16|listen *:3311[tcp6] for manage success
Tue 25 Jul 10:50:16|listen *:3311[tcp4] for manage success
Tue 25 Jul 10:50:16|Start success [pid=6672].
Tue 25 Jul 10:50:29|now create process ["D:\客户网站案例\precintl.com-英文版\bin\extworker.exe"]
Tue 25 Jul 11:24:15|listen *:86[tcp6] for http success
Tue 25 Jul 11:24:15|listen *:86[tcp4] for http success
Tue 25 Jul 11:24:15|listen *:3311[tcp6] for manage success
Tue 25 Jul 11:24:15|listen *:3311[tcp4] for manage success
Tue 25 Jul 11:24:15|Start success [pid=6696].
Tue 25 Jul 11:24:30|now create process ["D:\客户网站案例\precintl.com-英文版\bin\extworker.exe"]
Tue 25 Jul 11:28:07|listen *:86[tcp6] for http success
Tue 25 Jul 11:28:07|listen *:86[tcp4] for http success
Tue 25 Jul 11:28:07|listen *:3311[tcp6] for manage success
Tue 25 Jul 11:28:07|listen *:3311[tcp4] for manage success
Tue 25 Jul 11:28:07|Start success [pid=2708].
Tue 25 Jul 11:28:24|now create process ["D:\客户网站案例\precintl.com-英文版\bin\extworker.exe"]
Thu 27 Jul 11:53:10|listen *:86[tcp6] for http success
Thu 27 Jul 11:53:10|listen *:86[tcp4] for http success
Thu 27 Jul 11:53:10|listen *:3311[tcp6] for manage success
Thu 27 Jul 11:53:10|listen *:3311[tcp4] for manage success
Thu 27 Jul 11:53:10|Start success [pid=5720].
Thu 27 Jul 11:53:14|now create process ["D:\客户网站案例\precintl.com-英文版\bin\extworker.exe"]
Thu 27 Jul 14:09:54|listen *:86[tcp6] for http success
Thu 27 Jul 14:09:54|listen *:86[tcp4] for http success
Thu 27 Jul 14:09:54|listen *:3311[tcp6] for manage success
Thu 27 Jul 14:09:54|listen *:3311[tcp4] for manage success
Thu 27 Jul 14:09:54|Start success [pid=1644].
Thu 27 Jul 14:10:06|now create process ["D:\客户网站案例\precintl.com-英文版\bin\extworker.exe"]
Thu 27 Jul 14:34:50|listen *:86[tcp6] for http success
Thu 27 Jul 14:34:50|listen *:86[tcp4] for http success
Thu 27 Jul 14:34:50|listen *:3311[tcp6] for manage success
Thu 27 Jul 14:34:50|listen *:3311[tcp4] for manage success
Thu 27 Jul 14:34:50|Start success [pid=1836].
Thu 27 Jul 14:34:58|now create process ["D:\客户网站案例\precintl.com-英文版\bin\extworker.exe"]
Fri 28 Jul 10:40:11|listen *:86[tcp6] for http success
Fri 28 Jul 10:40:11|listen *:86[tcp4] for http success
Fri 28 Jul 10:40:11|listen *:3311[tcp6] for manage success
Fri 28 Jul 10:40:11|listen *:3311[tcp4] for manage success
Fri 28 Jul 10:40:11|Start success [pid=7820].
Fri 28 Jul 10:40:19|now create process ["D:\客户网站案例\precintl.com-英文版\bin\extworker.exe"]
Fri 28 Jul 13:12:37|listen *:86[tcp6] for http success
Fri 28 Jul 13:12:37|listen *:86[tcp4] for http success
Fri 28 Jul 13:12:37|listen *:3311[tcp6] for manage success
Fri 28 Jul 13:12:37|listen *:3311[tcp4] for manage success
Fri 28 Jul 13:12:37|Start success [pid=7972].
Fri 28 Jul 13:12:48|now create process ["D:\客户网站案例\precintl.com-英文版\bin\extworker.exe"]
Tue 01 Aug 10:52:25|listen *:86[tcp6] for http success
Tue 01 Aug 10:52:25|listen *:86[tcp4] for http success
Tue 01 Aug 10:52:25|listen *:3311[tcp6] for manage success
Tue 01 Aug 10:52:25|listen *:3311[tcp4] for manage success
Tue 01 Aug 10:52:25|Start success [pid=6944].
Tue 01 Aug 10:53:25|now create process ["D:\客户网站案例\precintl.com-英文版\bin\extworker.exe"]
Tue 01 Aug 12:17:31|now create process ["D:\客户网站案例\precintl.com-英文版\bin\extworker.exe"]
Tue 01 Aug 12:28:59|now create process ["D:\客户网站案例\precintl.com-英文版\bin\extworker.exe"]
Tue 01 Aug 12:48:27|now create process ["D:\客户网站案例\precintl.com-英文版\bin\extworker.exe"]
Tue 01 Aug 12:59:36|now create process ["D:\客户网站案例\precintl.com-英文版\bin\extworker.exe"]
Tue 01 Aug 15:06:45|listen *:86[tcp6] for http success
Tue 01 Aug 15:06:45|listen *:86[tcp4] for http success
Tue 01 Aug 15:06:45|listen *:3311[tcp6] for manage success
Tue 01 Aug 15:06:45|listen *:3311[tcp4] for manage success
Tue 01 Aug 15:06:45|Start success [pid=11364].
Tue 01 Aug 15:07:08|listen *:86[tcp6] for http success
Tue 01 Aug 15:07:08|listen *:86[tcp4] for http success
Tue 01 Aug 15:07:08|listen *:3311[tcp6] for manage success
Tue 01 Aug 15:07:08|listen *:3311[tcp4] for manage success
Tue 01 Aug 15:07:08|Start success [pid=12064].
Tue 01 Aug 15:07:24|now create process ["D:\客户网站案例\precintl.com-英文版\bin\extworker.exe"]
Tue 01 Aug 15:28:16|now create process ["D:\客户网站案例\precintl.com-英文版\bin\extworker.exe"]
Tue 01 Aug 16:06:07|now create process ["D:\客户网站案例\precintl.com-英文版\bin\extworker.exe"]
Wed 02 Aug 10:16:13|listen *:86[tcp6] for http success
Wed 02 Aug 10:16:13|listen *:86[tcp4] for http success
Wed 02 Aug 10:16:13|listen *:3311[tcp6] for manage success
Wed 02 Aug 10:16:13|listen *:3311[tcp4] for manage success
Wed 02 Aug 10:16:13|Start success [pid=6060].
Wed 02 Aug 10:16:18|now create process ["D:\客户网站案例\precintl.com-英文版\bin\extworker.exe"]
Fri 25 Aug 16:37:42|listen *:86[tcp6] for http success
Fri 25 Aug 16:37:42|listen *:86[tcp4] for http success
Fri 25 Aug 16:37:42|listen *:3311[tcp6] for manage success
Fri 25 Aug 16:37:42|listen *:3311[tcp4] for manage success
Fri 25 Aug 16:37:42|Start success [pid=6732].
Fri 25 Aug 16:38:00|now create process ["D:\客户网站案例\precintl.com-英文版\bin\extworker.exe"]
